ARM GAS  C:\Users\aryan\AppData\Local\Temp\ccS1QOry.s 			page 1


   1              		.syntax unified
   2              		.cpu cortex-m3
   3              		.fpu softvfp
   4              		.eabi_attribute 20, 1
   5              		.eabi_attribute 21, 1
   6              		.eabi_attribute 23, 3
   7              		.eabi_attribute 24, 1
   8              		.eabi_attribute 25, 1
   9              		.eabi_attribute 26, 1
  10              		.eabi_attribute 30, 1
  11              		.eabi_attribute 34, 1
  12              		.eabi_attribute 18, 4
  13              		.thumb
  14              		.syntax unified
  15              		.file	"CapSense_CSD_Pins.c"
  16              		.text
  17              	.Ltext0:
  18              		.cfi_sections	.debug_frame
  19              		.section	.text.CapSense_CSD_SetAllSensorsDriveMode,"ax",%progbits
  20              		.align	2
  21              		.global	CapSense_CSD_SetAllSensorsDriveMode
  22              		.thumb
  23              		.thumb_func
  24              		.type	CapSense_CSD_SetAllSensorsDriveMode, %function
  25              	CapSense_CSD_SetAllSensorsDriveMode:
  26              	.LFB0:
  27              		.file 1 "Generated_Source\\PSoC5\\CapSense_CSD_Pins.c"
   1:Generated_Source\PSoC5/CapSense_CSD_Pins.c **** /*******************************************************************************
   2:Generated_Source\PSoC5/CapSense_CSD_Pins.c **** * File Name: CapSense_CSD_Pins.c
   3:Generated_Source\PSoC5/CapSense_CSD_Pins.c **** * Version 3.50
   4:Generated_Source\PSoC5/CapSense_CSD_Pins.c **** *
   5:Generated_Source\PSoC5/CapSense_CSD_Pins.c **** * Description:
   6:Generated_Source\PSoC5/CapSense_CSD_Pins.c **** *  This file contains API to enable firmware control of a Pins component.
   7:Generated_Source\PSoC5/CapSense_CSD_Pins.c **** *
   8:Generated_Source\PSoC5/CapSense_CSD_Pins.c **** * Note:
   9:Generated_Source\PSoC5/CapSense_CSD_Pins.c **** *
  10:Generated_Source\PSoC5/CapSense_CSD_Pins.c **** ********************************************************************************
  11:Generated_Source\PSoC5/CapSense_CSD_Pins.c **** * Copyright 2008-2013, Cypress Semiconductor Corporation.  All rights reserved.
  12:Generated_Source\PSoC5/CapSense_CSD_Pins.c **** * You may use this file only in accordance with the license, terms, conditions,
  13:Generated_Source\PSoC5/CapSense_CSD_Pins.c **** * disclaimers, and limitations in the end user license agreement accompanying
  14:Generated_Source\PSoC5/CapSense_CSD_Pins.c **** * the software package with which this file was provided.
  15:Generated_Source\PSoC5/CapSense_CSD_Pins.c **** *******************************************************************************/
  16:Generated_Source\PSoC5/CapSense_CSD_Pins.c **** 
  17:Generated_Source\PSoC5/CapSense_CSD_Pins.c **** #include "CapSense_CSD_Pins.h"
  18:Generated_Source\PSoC5/CapSense_CSD_Pins.c **** 
  19:Generated_Source\PSoC5/CapSense_CSD_Pins.c **** 
  20:Generated_Source\PSoC5/CapSense_CSD_Pins.c **** /*******************************************************************************
  21:Generated_Source\PSoC5/CapSense_CSD_Pins.c **** * Function Name: CapSense_CSD_SetAllSensorsDriveMode
  22:Generated_Source\PSoC5/CapSense_CSD_Pins.c **** ********************************************************************************
  23:Generated_Source\PSoC5/CapSense_CSD_Pins.c **** *
  24:Generated_Source\PSoC5/CapSense_CSD_Pins.c **** * Summary:
  25:Generated_Source\PSoC5/CapSense_CSD_Pins.c **** *  Sets the drive mode for the all pins used by capacitive sensors within 
  26:Generated_Source\PSoC5/CapSense_CSD_Pins.c **** *  CapSense component.
  27:Generated_Source\PSoC5/CapSense_CSD_Pins.c **** * 
  28:Generated_Source\PSoC5/CapSense_CSD_Pins.c **** * Parameters:  
  29:Generated_Source\PSoC5/CapSense_CSD_Pins.c **** *  mode: Desired drive mode.
  30:Generated_Source\PSoC5/CapSense_CSD_Pins.c **** *
ARM GAS  C:\Users\aryan\AppData\Local\Temp\ccS1QOry.s 			page 2


  31:Generated_Source\PSoC5/CapSense_CSD_Pins.c **** * Return: 
  32:Generated_Source\PSoC5/CapSense_CSD_Pins.c **** *  None
  33:Generated_Source\PSoC5/CapSense_CSD_Pins.c **** *
  34:Generated_Source\PSoC5/CapSense_CSD_Pins.c **** *******************************************************************************/
  35:Generated_Source\PSoC5/CapSense_CSD_Pins.c **** void CapSense_CSD_SetAllSensorsDriveMode(uint8 mode) 
  36:Generated_Source\PSoC5/CapSense_CSD_Pins.c **** {
  28              		.loc 1 36 0
  29              		.cfi_startproc
  30              		@ args = 0, pretend = 0, frame = 0
  31              		@ frame_needed = 0, uses_anonymous_args = 0
  32              		@ link register save eliminated.
  33              	.LVL0:
  37:Generated_Source\PSoC5/CapSense_CSD_Pins.c ****     /* Set pins drive mode */
  38:Generated_Source\PSoC5/CapSense_CSD_Pins.c ****     CyPins_SetPinDriveMode(CapSense_CSD_PortCH0__Button0__BTN, mode);
  34              		.loc 1 38 0
  35 0000 164A     		ldr	r2, .L2
  36 0002 1378     		ldrb	r3, [r2]	@ zero_extendqisi2
  37 0004 00F00E00 		and	r0, r0, #14
  38              	.LVL1:
  39 0008 03F0F103 		and	r3, r3, #241
  40 000c 0343     		orrs	r3, r3, r0
  41 000e 1370     		strb	r3, [r2]
  39:Generated_Source\PSoC5/CapSense_CSD_Pins.c ****     CyPins_SetPinDriveMode(CapSense_CSD_PortCH0__LinearSlider0_e0__LS, mode);
  42              		.loc 1 39 0
  43 0010 063A     		subs	r2, r2, #6
  44 0012 1378     		ldrb	r3, [r2]	@ zero_extendqisi2
  45 0014 03F0F103 		and	r3, r3, #241
  46 0018 0343     		orrs	r3, r3, r0
  47 001a 1370     		strb	r3, [r2]
  40:Generated_Source\PSoC5/CapSense_CSD_Pins.c ****     CyPins_SetPinDriveMode(CapSense_CSD_PortCH0__LinearSlider0_e1__LS, mode);
  48              		.loc 1 40 0
  49 001c 0132     		adds	r2, r2, #1
  50 001e 1378     		ldrb	r3, [r2]	@ zero_extendqisi2
  51 0020 03F0F103 		and	r3, r3, #241
  52 0024 0343     		orrs	r3, r3, r0
  53 0026 1370     		strb	r3, [r2]
  41:Generated_Source\PSoC5/CapSense_CSD_Pins.c ****     CyPins_SetPinDriveMode(CapSense_CSD_PortCH0__LinearSlider0_e2__LS, mode);
  54              		.loc 1 41 0
  55 0028 0132     		adds	r2, r2, #1
  56 002a 1378     		ldrb	r3, [r2]	@ zero_extendqisi2
  57 002c 03F0F103 		and	r3, r3, #241
  58 0030 0343     		orrs	r3, r3, r0
  59 0032 1370     		strb	r3, [r2]
  42:Generated_Source\PSoC5/CapSense_CSD_Pins.c ****     CyPins_SetPinDriveMode(CapSense_CSD_PortCH0__LinearSlider0_e3__LS, mode);
  60              		.loc 1 42 0
  61 0034 0132     		adds	r2, r2, #1
  62 0036 1378     		ldrb	r3, [r2]	@ zero_extendqisi2
  63 0038 03F0F103 		and	r3, r3, #241
  64 003c 0343     		orrs	r3, r3, r0
  65 003e 1370     		strb	r3, [r2]
  43:Generated_Source\PSoC5/CapSense_CSD_Pins.c ****     CyPins_SetPinDriveMode(CapSense_CSD_PortCH0__LinearSlider0_e4__LS, mode);
  66              		.loc 1 43 0
  67 0040 0132     		adds	r2, r2, #1
  68 0042 1378     		ldrb	r3, [r2]	@ zero_extendqisi2
  69 0044 03F0F103 		and	r3, r3, #241
  70 0048 0343     		orrs	r3, r3, r0
  71 004a 1370     		strb	r3, [r2]
ARM GAS  C:\Users\aryan\AppData\Local\Temp\ccS1QOry.s 			page 3


  44:Generated_Source\PSoC5/CapSense_CSD_Pins.c ****     CyPins_SetPinDriveMode(CapSense_CSD_PortCH0__Button1__BTN, mode);
  72              		.loc 1 44 0
  73 004c 0132     		adds	r2, r2, #1
  74 004e 1378     		ldrb	r3, [r2]	@ zero_extendqisi2
  75 0050 03F0F103 		and	r3, r3, #241
  76 0054 1843     		orrs	r0, r0, r3
  77 0056 1070     		strb	r0, [r2]
  78 0058 7047     		bx	lr
  79              	.L3:
  80 005a 00BF     		.align	2
  81              	.L2:
  82 005c 2E500040 		.word	1073762350
  83              		.cfi_endproc
  84              	.LFE0:
  85              		.size	CapSense_CSD_SetAllSensorsDriveMode, .-CapSense_CSD_SetAllSensorsDriveMode
  86              		.section	.text.CapSense_CSD_SetAllCmodsDriveMode,"ax",%progbits
  87              		.align	2
  88              		.global	CapSense_CSD_SetAllCmodsDriveMode
  89              		.thumb
  90              		.thumb_func
  91              		.type	CapSense_CSD_SetAllCmodsDriveMode, %function
  92              	CapSense_CSD_SetAllCmodsDriveMode:
  93              	.LFB1:
  45:Generated_Source\PSoC5/CapSense_CSD_Pins.c **** 
  46:Generated_Source\PSoC5/CapSense_CSD_Pins.c **** }
  47:Generated_Source\PSoC5/CapSense_CSD_Pins.c **** 
  48:Generated_Source\PSoC5/CapSense_CSD_Pins.c **** 
  49:Generated_Source\PSoC5/CapSense_CSD_Pins.c **** 
  50:Generated_Source\PSoC5/CapSense_CSD_Pins.c **** /*******************************************************************************
  51:Generated_Source\PSoC5/CapSense_CSD_Pins.c **** * Function Name: CapSense_CSD_SetAllCmodsDriveMode
  52:Generated_Source\PSoC5/CapSense_CSD_Pins.c **** ********************************************************************************
  53:Generated_Source\PSoC5/CapSense_CSD_Pins.c **** *
  54:Generated_Source\PSoC5/CapSense_CSD_Pins.c **** * Summary:
  55:Generated_Source\PSoC5/CapSense_CSD_Pins.c **** *  Sets the drive mode for the all pins used by Cmod capacitors within CapSense 
  56:Generated_Source\PSoC5/CapSense_CSD_Pins.c **** *  component.
  57:Generated_Source\PSoC5/CapSense_CSD_Pins.c **** * 
  58:Generated_Source\PSoC5/CapSense_CSD_Pins.c **** * Parameters:  
  59:Generated_Source\PSoC5/CapSense_CSD_Pins.c **** *  mode: Desired drive mode.
  60:Generated_Source\PSoC5/CapSense_CSD_Pins.c **** *
  61:Generated_Source\PSoC5/CapSense_CSD_Pins.c **** * Return: 
  62:Generated_Source\PSoC5/CapSense_CSD_Pins.c **** *  None
  63:Generated_Source\PSoC5/CapSense_CSD_Pins.c **** *
  64:Generated_Source\PSoC5/CapSense_CSD_Pins.c **** *******************************************************************************/
  65:Generated_Source\PSoC5/CapSense_CSD_Pins.c **** void CapSense_CSD_SetAllCmodsDriveMode(uint8 mode) 
  66:Generated_Source\PSoC5/CapSense_CSD_Pins.c **** {
  94              		.loc 1 66 0
  95              		.cfi_startproc
  96              		@ args = 0, pretend = 0, frame = 0
  97              		@ frame_needed = 0, uses_anonymous_args = 0
  98              		@ link register save eliminated.
  99              	.LVL2:
  67:Generated_Source\PSoC5/CapSense_CSD_Pins.c ****    /* Set pins drive mode */
  68:Generated_Source\PSoC5/CapSense_CSD_Pins.c ****     CyPins_SetPinDriveMode(CapSense_CSD_CmodCH0_Cmod_CH0, mode);
 100              		.loc 1 68 0
 101 0000 044A     		ldr	r2, .L5
 102 0002 1378     		ldrb	r3, [r2]	@ zero_extendqisi2
 103 0004 03F0F103 		and	r3, r3, #241
ARM GAS  C:\Users\aryan\AppData\Local\Temp\ccS1QOry.s 			page 4


 104 0008 00F00E00 		and	r0, r0, #14
 105              	.LVL3:
 106 000c 1843     		orrs	r0, r0, r3
 107 000e 1070     		strb	r0, [r2]
 108 0010 7047     		bx	lr
 109              	.L6:
 110 0012 00BF     		.align	2
 111              	.L5:
 112 0014 2F500040 		.word	1073762351
 113              		.cfi_endproc
 114              	.LFE1:
 115              		.size	CapSense_CSD_SetAllCmodsDriveMode, .-CapSense_CSD_SetAllCmodsDriveMode
 116              		.text
 117              	.Letext0:
 118              		.file 2 "Generated_Source\\PSoC5\\cytypes.h"
 119              		.section	.debug_info,"",%progbits
 120              	.Ldebug_info0:
 121 0000 EE000000 		.4byte	0xee
 122 0004 0400     		.2byte	0x4
 123 0006 00000000 		.4byte	.Ldebug_abbrev0
 124 000a 04       		.byte	0x4
 125 000b 01       		.uleb128 0x1
 126 000c 20000000 		.4byte	.LASF17
 127 0010 0C       		.byte	0xc
 128 0011 DB010000 		.4byte	.LASF18
 129 0015 70010000 		.4byte	.LASF19
 130 0019 00000000 		.4byte	.Ldebug_ranges0+0
 131 001d 00000000 		.4byte	0
 132 0021 00000000 		.4byte	.Ldebug_line0
 133 0025 02       		.uleb128 0x2
 134 0026 01       		.byte	0x1
 135 0027 06       		.byte	0x6
 136 0028 64010000 		.4byte	.LASF0
 137 002c 02       		.uleb128 0x2
 138 002d 01       		.byte	0x1
 139 002e 08       		.byte	0x8
 140 002f 0A010000 		.4byte	.LASF1
 141 0033 02       		.uleb128 0x2
 142 0034 02       		.byte	0x2
 143 0035 05       		.byte	0x5
 144 0036 D1010000 		.4byte	.LASF2
 145 003a 02       		.uleb128 0x2
 146 003b 02       		.byte	0x2
 147 003c 07       		.byte	0x7
 148 003d 51010000 		.4byte	.LASF3
 149 0041 02       		.uleb128 0x2
 150 0042 04       		.byte	0x4
 151 0043 05       		.byte	0x5
 152 0044 1D010000 		.4byte	.LASF4
 153 0048 02       		.uleb128 0x2
 154 0049 04       		.byte	0x4
 155 004a 07       		.byte	0x7
 156 004b B9000000 		.4byte	.LASF5
 157 004f 02       		.uleb128 0x2
 158 0050 08       		.byte	0x8
 159 0051 05       		.byte	0x5
 160 0052 00000000 		.4byte	.LASF6
ARM GAS  C:\Users\aryan\AppData\Local\Temp\ccS1QOry.s 			page 5


 161 0056 02       		.uleb128 0x2
 162 0057 08       		.byte	0x8
 163 0058 07       		.byte	0x7
 164 0059 ED000000 		.4byte	.LASF7
 165 005d 03       		.uleb128 0x3
 166 005e 04       		.byte	0x4
 167 005f 05       		.byte	0x5
 168 0060 696E7400 		.ascii	"int\000"
 169 0064 02       		.uleb128 0x2
 170 0065 04       		.byte	0x4
 171 0066 07       		.byte	0x7
 172 0067 0E000000 		.4byte	.LASF8
 173 006b 04       		.uleb128 0x4
 174 006c B3000000 		.4byte	.LASF12
 175 0070 02       		.byte	0x2
 176 0071 E801     		.2byte	0x1e8
 177 0073 2C000000 		.4byte	0x2c
 178 0077 02       		.uleb128 0x2
 179 0078 04       		.byte	0x4
 180 0079 04       		.byte	0x4
 181 007a 04010000 		.4byte	.LASF9
 182 007e 02       		.uleb128 0x2
 183 007f 08       		.byte	0x8
 184 0080 04       		.byte	0x4
 185 0081 4A010000 		.4byte	.LASF10
 186 0085 02       		.uleb128 0x2
 187 0086 01       		.byte	0x1
 188 0087 08       		.byte	0x8
 189 0088 18010000 		.4byte	.LASF11
 190 008c 04       		.uleb128 0x4
 191 008d AE000000 		.4byte	.LASF13
 192 0091 02       		.byte	0x2
 193 0092 9202     		.2byte	0x292
 194 0094 98000000 		.4byte	0x98
 195 0098 05       		.uleb128 0x5
 196 0099 6B000000 		.4byte	0x6b
 197 009d 02       		.uleb128 0x2
 198 009e 08       		.byte	0x8
 199 009f 04       		.byte	0x4
 200 00a0 C5010000 		.4byte	.LASF14
 201 00a4 02       		.uleb128 0x2
 202 00a5 04       		.byte	0x4
 203 00a6 07       		.byte	0x7
 204 00a7 06020000 		.4byte	.LASF15
 205 00ab 06       		.uleb128 0x6
 206 00ac 26010000 		.4byte	.LASF20
 207 00b0 01       		.byte	0x1
 208 00b1 23       		.byte	0x23
 209 00b2 00000000 		.4byte	.LFB0
 210 00b6 60000000 		.4byte	.LFE0-.LFB0
 211 00ba 01       		.uleb128 0x1
 212 00bb 9C       		.byte	0x9c
 213 00bc D0000000 		.4byte	0xd0
 214 00c0 07       		.uleb128 0x7
 215 00c1 1B000000 		.4byte	.LASF16
 216 00c5 01       		.byte	0x1
 217 00c6 23       		.byte	0x23
ARM GAS  C:\Users\aryan\AppData\Local\Temp\ccS1QOry.s 			page 6


 218 00c7 6B000000 		.4byte	0x6b
 219 00cb 00000000 		.4byte	.LLST0
 220 00cf 00       		.byte	0
 221 00d0 08       		.uleb128 0x8
 222 00d1 CB000000 		.4byte	.LASF21
 223 00d5 01       		.byte	0x1
 224 00d6 41       		.byte	0x41
 225 00d7 00000000 		.4byte	.LFB1
 226 00db 18000000 		.4byte	.LFE1-.LFB1
 227 00df 01       		.uleb128 0x1
 228 00e0 9C       		.byte	0x9c
 229 00e1 07       		.uleb128 0x7
 230 00e2 1B000000 		.4byte	.LASF16
 231 00e6 01       		.byte	0x1
 232 00e7 41       		.byte	0x41
 233 00e8 6B000000 		.4byte	0x6b
 234 00ec 21000000 		.4byte	.LLST1
 235 00f0 00       		.byte	0
 236 00f1 00       		.byte	0
 237              		.section	.debug_abbrev,"",%progbits
 238              	.Ldebug_abbrev0:
 239 0000 01       		.uleb128 0x1
 240 0001 11       		.uleb128 0x11
 241 0002 01       		.byte	0x1
 242 0003 25       		.uleb128 0x25
 243 0004 0E       		.uleb128 0xe
 244 0005 13       		.uleb128 0x13
 245 0006 0B       		.uleb128 0xb
 246 0007 03       		.uleb128 0x3
 247 0008 0E       		.uleb128 0xe
 248 0009 1B       		.uleb128 0x1b
 249 000a 0E       		.uleb128 0xe
 250 000b 55       		.uleb128 0x55
 251 000c 17       		.uleb128 0x17
 252 000d 11       		.uleb128 0x11
 253 000e 01       		.uleb128 0x1
 254 000f 10       		.uleb128 0x10
 255 0010 17       		.uleb128 0x17
 256 0011 00       		.byte	0
 257 0012 00       		.byte	0
 258 0013 02       		.uleb128 0x2
 259 0014 24       		.uleb128 0x24
 260 0015 00       		.byte	0
 261 0016 0B       		.uleb128 0xb
 262 0017 0B       		.uleb128 0xb
 263 0018 3E       		.uleb128 0x3e
 264 0019 0B       		.uleb128 0xb
 265 001a 03       		.uleb128 0x3
 266 001b 0E       		.uleb128 0xe
 267 001c 00       		.byte	0
 268 001d 00       		.byte	0
 269 001e 03       		.uleb128 0x3
 270 001f 24       		.uleb128 0x24
 271 0020 00       		.byte	0
 272 0021 0B       		.uleb128 0xb
 273 0022 0B       		.uleb128 0xb
 274 0023 3E       		.uleb128 0x3e
ARM GAS  C:\Users\aryan\AppData\Local\Temp\ccS1QOry.s 			page 7


 275 0024 0B       		.uleb128 0xb
 276 0025 03       		.uleb128 0x3
 277 0026 08       		.uleb128 0x8
 278 0027 00       		.byte	0
 279 0028 00       		.byte	0
 280 0029 04       		.uleb128 0x4
 281 002a 16       		.uleb128 0x16
 282 002b 00       		.byte	0
 283 002c 03       		.uleb128 0x3
 284 002d 0E       		.uleb128 0xe
 285 002e 3A       		.uleb128 0x3a
 286 002f 0B       		.uleb128 0xb
 287 0030 3B       		.uleb128 0x3b
 288 0031 05       		.uleb128 0x5
 289 0032 49       		.uleb128 0x49
 290 0033 13       		.uleb128 0x13
 291 0034 00       		.byte	0
 292 0035 00       		.byte	0
 293 0036 05       		.uleb128 0x5
 294 0037 35       		.uleb128 0x35
 295 0038 00       		.byte	0
 296 0039 49       		.uleb128 0x49
 297 003a 13       		.uleb128 0x13
 298 003b 00       		.byte	0
 299 003c 00       		.byte	0
 300 003d 06       		.uleb128 0x6
 301 003e 2E       		.uleb128 0x2e
 302 003f 01       		.byte	0x1
 303 0040 3F       		.uleb128 0x3f
 304 0041 19       		.uleb128 0x19
 305 0042 03       		.uleb128 0x3
 306 0043 0E       		.uleb128 0xe
 307 0044 3A       		.uleb128 0x3a
 308 0045 0B       		.uleb128 0xb
 309 0046 3B       		.uleb128 0x3b
 310 0047 0B       		.uleb128 0xb
 311 0048 27       		.uleb128 0x27
 312 0049 19       		.uleb128 0x19
 313 004a 11       		.uleb128 0x11
 314 004b 01       		.uleb128 0x1
 315 004c 12       		.uleb128 0x12
 316 004d 06       		.uleb128 0x6
 317 004e 40       		.uleb128 0x40
 318 004f 18       		.uleb128 0x18
 319 0050 9742     		.uleb128 0x2117
 320 0052 19       		.uleb128 0x19
 321 0053 01       		.uleb128 0x1
 322 0054 13       		.uleb128 0x13
 323 0055 00       		.byte	0
 324 0056 00       		.byte	0
 325 0057 07       		.uleb128 0x7
 326 0058 05       		.uleb128 0x5
 327 0059 00       		.byte	0
 328 005a 03       		.uleb128 0x3
 329 005b 0E       		.uleb128 0xe
 330 005c 3A       		.uleb128 0x3a
 331 005d 0B       		.uleb128 0xb
ARM GAS  C:\Users\aryan\AppData\Local\Temp\ccS1QOry.s 			page 8


 332 005e 3B       		.uleb128 0x3b
 333 005f 0B       		.uleb128 0xb
 334 0060 49       		.uleb128 0x49
 335 0061 13       		.uleb128 0x13
 336 0062 02       		.uleb128 0x2
 337 0063 17       		.uleb128 0x17
 338 0064 00       		.byte	0
 339 0065 00       		.byte	0
 340 0066 08       		.uleb128 0x8
 341 0067 2E       		.uleb128 0x2e
 342 0068 01       		.byte	0x1
 343 0069 3F       		.uleb128 0x3f
 344 006a 19       		.uleb128 0x19
 345 006b 03       		.uleb128 0x3
 346 006c 0E       		.uleb128 0xe
 347 006d 3A       		.uleb128 0x3a
 348 006e 0B       		.uleb128 0xb
 349 006f 3B       		.uleb128 0x3b
 350 0070 0B       		.uleb128 0xb
 351 0071 27       		.uleb128 0x27
 352 0072 19       		.uleb128 0x19
 353 0073 11       		.uleb128 0x11
 354 0074 01       		.uleb128 0x1
 355 0075 12       		.uleb128 0x12
 356 0076 06       		.uleb128 0x6
 357 0077 40       		.uleb128 0x40
 358 0078 18       		.uleb128 0x18
 359 0079 9742     		.uleb128 0x2117
 360 007b 19       		.uleb128 0x19
 361 007c 00       		.byte	0
 362 007d 00       		.byte	0
 363 007e 00       		.byte	0
 364              		.section	.debug_loc,"",%progbits
 365              	.Ldebug_loc0:
 366              	.LLST0:
 367 0000 00000000 		.4byte	.LVL0
 368 0004 08000000 		.4byte	.LVL1
 369 0008 0100     		.2byte	0x1
 370 000a 50       		.byte	0x50
 371 000b 08000000 		.4byte	.LVL1
 372 000f 60000000 		.4byte	.LFE0
 373 0013 0400     		.2byte	0x4
 374 0015 F3       		.byte	0xf3
 375 0016 01       		.uleb128 0x1
 376 0017 50       		.byte	0x50
 377 0018 9F       		.byte	0x9f
 378 0019 00000000 		.4byte	0
 379 001d 00000000 		.4byte	0
 380              	.LLST1:
 381 0021 00000000 		.4byte	.LVL2
 382 0025 0C000000 		.4byte	.LVL3
 383 0029 0100     		.2byte	0x1
 384 002b 50       		.byte	0x50
 385 002c 0C000000 		.4byte	.LVL3
 386 0030 18000000 		.4byte	.LFE1
 387 0034 0400     		.2byte	0x4
 388 0036 F3       		.byte	0xf3
ARM GAS  C:\Users\aryan\AppData\Local\Temp\ccS1QOry.s 			page 9


 389 0037 01       		.uleb128 0x1
 390 0038 50       		.byte	0x50
 391 0039 9F       		.byte	0x9f
 392 003a 00000000 		.4byte	0
 393 003e 00000000 		.4byte	0
 394              		.section	.debug_aranges,"",%progbits
 395 0000 24000000 		.4byte	0x24
 396 0004 0200     		.2byte	0x2
 397 0006 00000000 		.4byte	.Ldebug_info0
 398 000a 04       		.byte	0x4
 399 000b 00       		.byte	0
 400 000c 0000     		.2byte	0
 401 000e 0000     		.2byte	0
 402 0010 00000000 		.4byte	.LFB0
 403 0014 60000000 		.4byte	.LFE0-.LFB0
 404 0018 00000000 		.4byte	.LFB1
 405 001c 18000000 		.4byte	.LFE1-.LFB1
 406 0020 00000000 		.4byte	0
 407 0024 00000000 		.4byte	0
 408              		.section	.debug_ranges,"",%progbits
 409              	.Ldebug_ranges0:
 410 0000 00000000 		.4byte	.LFB0
 411 0004 60000000 		.4byte	.LFE0
 412 0008 00000000 		.4byte	.LFB1
 413 000c 18000000 		.4byte	.LFE1
 414 0010 00000000 		.4byte	0
 415 0014 00000000 		.4byte	0
 416              		.section	.debug_line,"",%progbits
 417              	.Ldebug_line0:
 418 0000 7B000000 		.section	.debug_str,"MS",%progbits,1
 418      02004E00 
 418      00000201 
 418      FB0E0D00 
 418      01010101 
 419              	.LASF6:
 420 0000 6C6F6E67 		.ascii	"long long int\000"
 420      206C6F6E 
 420      6720696E 
 420      7400
 421              	.LASF8:
 422 000e 756E7369 		.ascii	"unsigned int\000"
 422      676E6564 
 422      20696E74 
 422      00
 423              	.LASF16:
 424 001b 6D6F6465 		.ascii	"mode\000"
 424      00
 425              	.LASF17:
 426 0020 474E5520 		.ascii	"GNU C11 5.4.1 20160609 (release) [ARM/embedded-5-br"
 426      43313120 
 426      352E342E 
 426      31203230 
 426      31363036 
 427 0053 616E6368 		.ascii	"anch revision 237715] -mcpu=cortex-m3 -mthumb -g -O"
 427      20726576 
 427      6973696F 
 427      6E203233 
ARM GAS  C:\Users\aryan\AppData\Local\Temp\ccS1QOry.s 			page 10


 427      37373135 
 428 0086 67202D66 		.ascii	"g -ffunction-sections -ffat-lto-objects\000"
 428      66756E63 
 428      74696F6E 
 428      2D736563 
 428      74696F6E 
 429              	.LASF13:
 430 00ae 72656738 		.ascii	"reg8\000"
 430      00
 431              	.LASF12:
 432 00b3 75696E74 		.ascii	"uint8\000"
 432      3800
 433              	.LASF5:
 434 00b9 6C6F6E67 		.ascii	"long unsigned int\000"
 434      20756E73 
 434      69676E65 
 434      6420696E 
 434      7400
 435              	.LASF21:
 436 00cb 43617053 		.ascii	"CapSense_CSD_SetAllCmodsDriveMode\000"
 436      656E7365 
 436      5F435344 
 436      5F536574 
 436      416C6C43 
 437              	.LASF7:
 438 00ed 6C6F6E67 		.ascii	"long long unsigned int\000"
 438      206C6F6E 
 438      6720756E 
 438      7369676E 
 438      65642069 
 439              	.LASF9:
 440 0104 666C6F61 		.ascii	"float\000"
 440      7400
 441              	.LASF1:
 442 010a 756E7369 		.ascii	"unsigned char\000"
 442      676E6564 
 442      20636861 
 442      7200
 443              	.LASF11:
 444 0118 63686172 		.ascii	"char\000"
 444      00
 445              	.LASF4:
 446 011d 6C6F6E67 		.ascii	"long int\000"
 446      20696E74 
 446      00
 447              	.LASF20:
 448 0126 43617053 		.ascii	"CapSense_CSD_SetAllSensorsDriveMode\000"
 448      656E7365 
 448      5F435344 
 448      5F536574 
 448      416C6C53 
 449              	.LASF10:
 450 014a 646F7562 		.ascii	"double\000"
 450      6C6500
 451              	.LASF3:
 452 0151 73686F72 		.ascii	"short unsigned int\000"
 452      7420756E 
ARM GAS  C:\Users\aryan\AppData\Local\Temp\ccS1QOry.s 			page 11


 452      7369676E 
 452      65642069 
 452      6E7400
 453              	.LASF0:
 454 0164 7369676E 		.ascii	"signed char\000"
 454      65642063 
 454      68617200 
 455              	.LASF19:
 456 0170 453A5C45 		.ascii	"E:\\Embeded System Lab\\ENDSEM-PROJECT\\COMPLETE pr"
 456      6D626564 
 456      65642053 
 456      79737465 
 456      6D204C61 
 457 01a0 6F6A6563 		.ascii	"oject\\Workspace-Final\\Design02.cydsn\000"
 457      745C576F 
 457      726B7370 
 457      6163652D 
 457      46696E61 
 458              	.LASF14:
 459 01c5 6C6F6E67 		.ascii	"long double\000"
 459      20646F75 
 459      626C6500 
 460              	.LASF2:
 461 01d1 73686F72 		.ascii	"short int\000"
 461      7420696E 
 461      7400
 462              	.LASF18:
 463 01db 47656E65 		.ascii	"Generated_Source\\PSoC5\\CapSense_CSD_Pins.c\000"
 463      72617465 
 463      645F536F 
 463      75726365 
 463      5C50536F 
 464              	.LASF15:
 465 0206 73697A65 		.ascii	"sizetype\000"
 465      74797065 
 465      00
 466              		.ident	"GCC: (GNU Tools for ARM Embedded Processors) 5.4.1 20160609 (release) [ARM/embedded-5-bran
