ARM GAS  C:\Users\aryan\AppData\Local\Temp\cco4k68p.s 			page 1


   1              		.syntax unified
   2              		.cpu cortex-m3
   3              		.fpu softvfp
   4              		.eabi_attribute 20, 1
   5              		.eabi_attribute 21, 1
   6              		.eabi_attribute 23, 3
   7              		.eabi_attribute 24, 1
   8              		.eabi_attribute 25, 1
   9              		.eabi_attribute 26, 1
  10              		.eabi_attribute 30, 1
  11              		.eabi_attribute 34, 1
  12              		.eabi_attribute 18, 4
  13              		.thumb
  14              		.syntax unified
  15              		.file	"cymetadata.c"
  16              		.text
  17              	.Ltext0:
  18              		.cfi_sections	.debug_frame
  19              		.global	cy_metadata
  20              		.global	cy_meta_flashprotect
  21              		.global	cy_meta_wonvl
  22              		.global	cy_meta_custnvl
  23              		.global	cy_meta_configecc
  24              		.section	.cyconfigecc,"a",%progbits
  25              		.align	2
  26              		.type	cy_meta_configecc, %object
  27              		.size	cy_meta_configecc, 904
  28              	cy_meta_configecc:
  29 0000 01       		.byte	1
  30 0001 52       		.byte	82
  31 0002 00       		.byte	0
  32 0003 40       		.byte	64
  33 0004 01       		.byte	1
  34 0005 5A       		.byte	90
  35 0006 00       		.byte	0
  36 0007 40       		.byte	64
  37 0008 08       		.byte	8
  38 0009 64       		.byte	100
  39 000a 00       		.byte	0
  40 000b 40       		.byte	64
  41 000c 01       		.byte	1
  42 000d 03       		.byte	3
  43 000e 01       		.byte	1
  44 000f 40       		.byte	64
  45 0010 01       		.byte	1
  46 0011 07       		.byte	7
  47 0012 01       		.byte	1
  48 0013 40       		.byte	64
  49 0014 2E       		.byte	46
  50 0015 08       		.byte	8
  51 0016 01       		.byte	1
  52 0017 40       		.byte	64
  53 0018 29       		.byte	41
  54 0019 09       		.byte	9
  55 001a 01       		.byte	1
  56 001b 40       		.byte	64
  57 001c 49       		.byte	73
ARM GAS  C:\Users\aryan\AppData\Local\Temp\cco4k68p.s 			page 2


  58 001d 0A       		.byte	10
  59 001e 01       		.byte	1
  60 001f 40       		.byte	64
  61 0020 2C       		.byte	44
  62 0021 0B       		.byte	11
  63 0022 01       		.byte	1
  64 0023 40       		.byte	64
  65 0024 4D       		.byte	77
  66 0025 0C       		.byte	12
  67 0026 01       		.byte	1
  68 0027 40       		.byte	64
  69 0028 2A       		.byte	42
  70 0029 0D       		.byte	13
  71 002a 01       		.byte	1
  72 002b 40       		.byte	64
  73 002c 01       		.byte	1
  74 002d 15       		.byte	21
  75 002e 01       		.byte	1
  76 002f 40       		.byte	64
  77 0030 01       		.byte	1
  78 0031 19       		.byte	25
  79 0032 01       		.byte	1
  80 0033 40       		.byte	64
  81 0034 01       		.byte	1
  82 0035 1B       		.byte	27
  83 0036 01       		.byte	1
  84 0037 40       		.byte	64
  85 0038 04       		.byte	4
  86 0039 40       		.byte	64
  87 003a 01       		.byte	1
  88 003b 40       		.byte	64
  89 003c 04       		.byte	4
  90 003d 41       		.byte	65
  91 003e 01       		.byte	1
  92 003f 40       		.byte	64
  93 0040 01       		.byte	1
  94 0041 42       		.byte	66
  95 0042 01       		.byte	1
  96 0043 40       		.byte	64
  97 0044 04       		.byte	4
  98 0045 43       		.byte	67
  99 0046 01       		.byte	1
 100 0047 40       		.byte	64
 101 0048 02       		.byte	2
 102 0049 44       		.byte	68
 103 004a 01       		.byte	1
 104 004b 40       		.byte	64
 105 004c 02       		.byte	2
 106 004d 45       		.byte	69
 107 004e 01       		.byte	1
 108 004f 40       		.byte	64
 109 0050 02       		.byte	2
 110 0051 46       		.byte	70
 111 0052 01       		.byte	1
 112 0053 40       		.byte	64
 113 0054 03       		.byte	3
 114 0055 47       		.byte	71
ARM GAS  C:\Users\aryan\AppData\Local\Temp\cco4k68p.s 			page 3


 115 0056 01       		.byte	1
 116 0057 40       		.byte	64
 117 0058 05       		.byte	5
 118 0059 48       		.byte	72
 119 005a 01       		.byte	1
 120 005b 40       		.byte	64
 121 005c 04       		.byte	4
 122 005d 49       		.byte	73
 123 005e 01       		.byte	1
 124 005f 40       		.byte	64
 125 0060 03       		.byte	3
 126 0061 4C       		.byte	76
 127 0062 01       		.byte	1
 128 0063 40       		.byte	64
 129 0064 02       		.byte	2
 130 0065 4D       		.byte	77
 131 0066 01       		.byte	1
 132 0067 40       		.byte	64
 133 0068 03       		.byte	3
 134 0069 50       		.byte	80
 135 006a 01       		.byte	1
 136 006b 40       		.byte	64
 137 006c 02       		.byte	2
 138 006d 51       		.byte	81
 139 006e 01       		.byte	1
 140 006f 40       		.byte	64
 141 0070 2E       		.byte	46
 142 0071 7F       		.byte	127
 143 0072 97       		.byte	-105
 144 0073 01       		.byte	1
 145 0074 08       		.byte	8
 146 0075 FF       		.byte	-1
 147 0076 0C       		.byte	12
 148 0077 FF       		.byte	-1
 149 0078 0D       		.byte	13
 150 0079 FF       		.byte	-1
 151 007a 1C       		.byte	28
 152 007b FF       		.byte	-1
 153 007c 1D       		.byte	29
 154 007d FF       		.byte	-1
 155 007e 2C       		.byte	44
 156 007f FF       		.byte	-1
 157 0080 2D       		.byte	45
 158 0081 FF       		.byte	-1
 159 0082 89       		.byte	-119
 160 0083 1F       		.byte	31
 161 0084 E2       		.byte	-30
 162 0085 08       		.byte	8
 163 0086 EE       		.byte	-18
 164 0087 01       		.byte	1
 165 0088 05       		.byte	5
 166 0089 01       		.byte	1
 167 008a 29       		.byte	41
 168 008b 01       		.byte	1
 169 008c 31       		.byte	49
 170 008d 01       		.byte	1
 171 008e 37       		.byte	55
ARM GAS  C:\Users\aryan\AppData\Local\Temp\cco4k68p.s 			page 4


 172 008f 01       		.byte	1
 173 0090 39       		.byte	57
 174 0091 82       		.byte	-126
 175 0092 40       		.byte	64
 176 0093 63       		.byte	99
 177 0094 45       		.byte	69
 178 0095 04       		.byte	4
 179 0096 46       		.byte	70
 180 0097 20       		.byte	32
 181 0098 47       		.byte	71
 182 0099 05       		.byte	5
 183 009a 48       		.byte	72
 184 009b 19       		.byte	25
 185 009c 49       		.byte	73
 186 009d FF       		.byte	-1
 187 009e 4A       		.byte	74
 188 009f FF       		.byte	-1
 189 00a0 4B       		.byte	75
 190 00a1 FF       		.byte	-1
 191 00a2 4C       		.byte	76
 192 00a3 02       		.byte	2
 193 00a4 4D       		.byte	77
 194 00a5 20       		.byte	32
 195 00a6 4F       		.byte	79
 196 00a7 05       		.byte	5
 197 00a8 51       		.byte	81
 198 00a9 10       		.byte	16
 199 00aa 59       		.byte	89
 200 00ab 04       		.byte	4
 201 00ac 5A       		.byte	90
 202 00ad 04       		.byte	4
 203 00ae 5F       		.byte	95
 204 00af 01       		.byte	1
 205 00b0 60       		.byte	96
 206 00b1 40       		.byte	64
 207 00b2 61       		.byte	97
 208 00b3 40       		.byte	64
 209 00b4 62       		.byte	98
 210 00b5 80       		.byte	-128
 211 00b6 64       		.byte	100
 212 00b7 80       		.byte	-128
 213 00b8 66       		.byte	102
 214 00b9 80       		.byte	-128
 215 00ba 8B       		.byte	-117
 216 00bb 02       		.byte	2
 217 00bc 8F       		.byte	-113
 218 00bd 01       		.byte	1
 219 00be 94       		.byte	-108
 220 00bf 02       		.byte	2
 221 00c0 95       		.byte	-107
 222 00c1 03       		.byte	3
 223 00c2 96       		.byte	-106
 224 00c3 01       		.byte	1
 225 00c4 99       		.byte	-103
 226 00c5 02       		.byte	2
 227 00c6 9B       		.byte	-101
 228 00c7 01       		.byte	1
ARM GAS  C:\Users\aryan\AppData\Local\Temp\cco4k68p.s 			page 5


 229 00c8 9C       		.byte	-100
 230 00c9 01       		.byte	1
 231 00ca 9E       		.byte	-98
 232 00cb 02       		.byte	2
 233 00cc A4       		.byte	-92
 234 00cd 03       		.byte	3
 235 00ce A8       		.byte	-88
 236 00cf 02       		.byte	2
 237 00d0 AD       		.byte	-83
 238 00d1 01       		.byte	1
 239 00d2 AF       		.byte	-81
 240 00d3 02       		.byte	2
 241 00d4 B5       		.byte	-75
 242 00d5 03       		.byte	3
 243 00d6 B6       		.byte	-74
 244 00d7 03       		.byte	3
 245 00d8 D6       		.byte	-42
 246 00d9 02       		.byte	2
 247 00da D8       		.byte	-40
 248 00db 04       		.byte	4
 249 00dc D9       		.byte	-39
 250 00dd 04       		.byte	4
 251 00de DB       		.byte	-37
 252 00df 04       		.byte	4
 253 00e0 DE       		.byte	-34
 254 00e1 08       		.byte	8
 255 00e2 DF       		.byte	-33
 256 00e3 01       		.byte	1
 257 00e4 08       		.byte	8
 258 00e5 04       		.byte	4
 259 00e6 0A       		.byte	10
 260 00e7 11       		.byte	17
 261 00e8 10       		.byte	16
 262 00e9 08       		.byte	8
 263 00ea 12       		.byte	18
 264 00eb 20       		.byte	32
 265 00ec 19       		.byte	25
 266 00ed 40       		.byte	64
 267 00ee 1A       		.byte	26
 268 00ef 01       		.byte	1
 269 00f0 22       		.byte	34
 270 00f1 30       		.byte	48
 271 00f2 24       		.byte	36
 272 00f3 40       		.byte	64
 273 00f4 25       		.byte	37
 274 00f5 80       		.byte	-128
 275 00f6 27       		.byte	39
 276 00f7 80       		.byte	-128
 277 00f8 29       		.byte	41
 278 00f9 40       		.byte	64
 279 00fa 2F       		.byte	47
 280 00fb 08       		.byte	8
 281 00fc 32       		.byte	50
 282 00fd 10       		.byte	16
 283 00fe 33       		.byte	51
 284 00ff 04       		.byte	4
 285 0100 39       		.byte	57
ARM GAS  C:\Users\aryan\AppData\Local\Temp\cco4k68p.s 			page 6


 286 0101 50       		.byte	80
 287 0102 3F       		.byte	63
 288 0103 08       		.byte	8
 289 0104 47       		.byte	71
 290 0105 04       		.byte	4
 291 0106 4F       		.byte	79
 292 0107 28       		.byte	40
 293 0108 57       		.byte	87
 294 0109 18       		.byte	24
 295 010a 73       		.byte	115
 296 010b 40       		.byte	64
 297 010c 78       		.byte	120
 298 010d 04       		.byte	4
 299 010e 91       		.byte	-111
 300 010f 50       		.byte	80
 301 0110 92       		.byte	-110
 302 0111 10       		.byte	16
 303 0112 94       		.byte	-108
 304 0113 40       		.byte	64
 305 0114 96       		.byte	-106
 306 0115 21       		.byte	33
 307 0116 97       		.byte	-105
 308 0117 40       		.byte	64
 309 0118 9B       		.byte	-101
 310 0119 04       		.byte	4
 311 011a 9C       		.byte	-100
 312 011b 40       		.byte	64
 313 011c 9D       		.byte	-99
 314 011d 40       		.byte	64
 315 011e 9F       		.byte	-97
 316 011f 80       		.byte	-128
 317 0120 A0       		.byte	-96
 318 0121 08       		.byte	8
 319 0122 A5       		.byte	-91
 320 0123 80       		.byte	-128
 321 0124 AB       		.byte	-85
 322 0125 40       		.byte	64
 323 0126 C2       		.byte	-62
 324 0127 05       		.byte	5
 325 0128 C4       		.byte	-60
 326 0129 06       		.byte	6
 327 012a CA       		.byte	-54
 328 012b 28       		.byte	40
 329 012c CC       		.byte	-52
 330 012d 06       		.byte	6
 331 012e CE       		.byte	-50
 332 012f 4C       		.byte	76
 333 0130 D0       		.byte	-48
 334 0131 40       		.byte	64
 335 0132 D2       		.byte	-46
 336 0133 20       		.byte	32
 337 0134 DE       		.byte	-34
 338 0135 02       		.byte	2
 339 0136 07       		.byte	7
 340 0137 04       		.byte	4
 341 0138 08       		.byte	8
 342 0139 02       		.byte	2
ARM GAS  C:\Users\aryan\AppData\Local\Temp\cco4k68p.s 			page 7


 343 013a 09       		.byte	9
 344 013b 7A       		.byte	122
 345 013c 0B       		.byte	11
 346 013d 04       		.byte	4
 347 013e 0D       		.byte	13
 348 013f 08       		.byte	8
 349 0140 0E       		.byte	14
 350 0141 01       		.byte	1
 351 0142 11       		.byte	17
 352 0143 76       		.byte	118
 353 0144 13       		.byte	19
 354 0145 08       		.byte	8
 355 0146 14       		.byte	20
 356 0147 02       		.byte	2
 357 0148 15       		.byte	21
 358 0149 3E       		.byte	62
 359 014a 17       		.byte	23
 360 014b 40       		.byte	64
 361 014c 18       		.byte	24
 362 014d 01       		.byte	1
 363 014e 1B       		.byte	27
 364 014f 04       		.byte	4
 365 0150 1C       		.byte	28
 366 0151 02       		.byte	2
 367 0152 1F       		.byte	31
 368 0153 01       		.byte	1
 369 0154 21       		.byte	33
 370 0155 4C       		.byte	76
 371 0156 23       		.byte	35
 372 0157 32       		.byte	50
 373 0158 25       		.byte	37
 374 0159 10       		.byte	16
 375 015a 27       		.byte	39
 376 015b 02       		.byte	2
 377 015c 29       		.byte	41
 378 015d 20       		.byte	32
 379 015e 2B       		.byte	43
 380 015f 02       		.byte	2
 381 0160 2D       		.byte	45
 382 0161 7E       		.byte	126
 383 0162 2E       		.byte	46
 384 0163 02       		.byte	2
 385 0164 30       		.byte	48
 386 0165 01       		.byte	1
 387 0166 31       		.byte	49
 388 0167 78       		.byte	120
 389 0168 32       		.byte	50
 390 0169 02       		.byte	2
 391 016a 33       		.byte	51
 392 016b 06       		.byte	6
 393 016c 35       		.byte	53
 394 016d 01       		.byte	1
 395 016e 36       		.byte	54
 396 016f 01       		.byte	1
 397 0170 40       		.byte	64
 398 0171 04       		.byte	4
 399 0172 41       		.byte	65
ARM GAS  C:\Users\aryan\AppData\Local\Temp\cco4k68p.s 			page 8


 400 0173 03       		.byte	3
 401 0174 49       		.byte	73
 402 0175 FF       		.byte	-1
 403 0176 4A       		.byte	74
 404 0177 FF       		.byte	-1
 405 0178 4B       		.byte	75
 406 0179 FF       		.byte	-1
 407 017a 4C       		.byte	76
 408 017b 02       		.byte	2
 409 017c 4D       		.byte	77
 410 017d 0C       		.byte	12
 411 017e 4E       		.byte	78
 412 017f F8       		.byte	-8
 413 0180 52       		.byte	82
 414 0181 17       		.byte	23
 415 0182 58       		.byte	88
 416 0183 04       		.byte	4
 417 0184 59       		.byte	89
 418 0185 04       		.byte	4
 419 0186 5A       		.byte	90
 420 0187 04       		.byte	4
 421 0188 5B       		.byte	91
 422 0189 04       		.byte	4
 423 018a 5F       		.byte	95
 424 018b 01       		.byte	1
 425 018c 62       		.byte	98
 426 018d 48       		.byte	72
 427 018e 63       		.byte	99
 428 018f A1       		.byte	-95
 429 0190 68       		.byte	104
 430 0191 F0       		.byte	-16
 431 0192 6A       		.byte	106
 432 0193 F0       		.byte	-16
 433 0194 6C       		.byte	108
 434 0195 F0       		.byte	-16
 435 0196 6E       		.byte	110
 436 0197 F0       		.byte	-16
 437 0198 81       		.byte	-127
 438 0199 01       		.byte	1
 439 019a 83       		.byte	-125
 440 019b 02       		.byte	2
 441 019c 9F       		.byte	-97
 442 019d 01       		.byte	1
 443 019e AB       		.byte	-85
 444 019f 02       		.byte	2
 445 01a0 B1       		.byte	-79
 446 01a1 03       		.byte	3
 447 01a2 BF       		.byte	-65
 448 01a3 01       		.byte	1
 449 01a4 C0       		.byte	-64
 450 01a5 05       		.byte	5
 451 01a6 C1       		.byte	-63
 452 01a7 03       		.byte	3
 453 01a8 C7       		.byte	-57
 454 01a9 0A       		.byte	10
 455 01aa C9       		.byte	-55
 456 01ab FF       		.byte	-1
ARM GAS  C:\Users\aryan\AppData\Local\Temp\cco4k68p.s 			page 9


 457 01ac CA       		.byte	-54
 458 01ad FF       		.byte	-1
 459 01ae CB       		.byte	-53
 460 01af FF       		.byte	-1
 461 01b0 CC       		.byte	-52
 462 01b1 03       		.byte	3
 463 01b2 CD       		.byte	-51
 464 01b3 0C       		.byte	12
 465 01b4 CE       		.byte	-50
 466 01b5 F4       		.byte	-12
 467 01b6 D9       		.byte	-39
 468 01b7 04       		.byte	4
 469 01b8 DA       		.byte	-38
 470 01b9 04       		.byte	4
 471 01ba DF       		.byte	-33
 472 01bb 01       		.byte	1
 473 01bc E2       		.byte	-30
 474 01bd 48       		.byte	72
 475 01be E3       		.byte	-29
 476 01bf A1       		.byte	-95
 477 01c0 E8       		.byte	-24
 478 01c1 F0       		.byte	-16
 479 01c2 EA       		.byte	-22
 480 01c3 F0       		.byte	-16
 481 01c4 EC       		.byte	-20
 482 01c5 F0       		.byte	-16
 483 01c6 EE       		.byte	-18
 484 01c7 F0       		.byte	-16
 485 01c8 00       		.byte	0
 486 01c9 50       		.byte	80
 487 01ca 09       		.byte	9
 488 01cb 20       		.byte	32
 489 01cc 0A       		.byte	10
 490 01cd 21       		.byte	33
 491 01ce 11       		.byte	17
 492 01cf 40       		.byte	64
 493 01d0 18       		.byte	24
 494 01d1 10       		.byte	16
 495 01d2 1A       		.byte	26
 496 01d3 52       		.byte	82
 497 01d4 21       		.byte	33
 498 01d5 20       		.byte	32
 499 01d6 22       		.byte	34
 500 01d7 0A       		.byte	10
 501 01d8 23       		.byte	35
 502 01d9 10       		.byte	16
 503 01da 27       		.byte	39
 504 01db 40       		.byte	64
 505 01dc 29       		.byte	41
 506 01dd 42       		.byte	66
 507 01de 2A       		.byte	42
 508 01df 28       		.byte	40
 509 01e0 2F       		.byte	47
 510 01e1 08       		.byte	8
 511 01e2 31       		.byte	49
 512 01e3 80       		.byte	-128
 513 01e4 32       		.byte	50
ARM GAS  C:\Users\aryan\AppData\Local\Temp\cco4k68p.s 			page 10


 514 01e5 16       		.byte	22
 515 01e6 37       		.byte	55
 516 01e7 80       		.byte	-128
 517 01e8 39       		.byte	57
 518 01e9 04       		.byte	4
 519 01ea 3B       		.byte	59
 520 01eb 50       		.byte	80
 521 01ec 3F       		.byte	63
 522 01ed 01       		.byte	1
 523 01ee 40       		.byte	64
 524 01ef 10       		.byte	16
 525 01f0 42       		.byte	66
 526 01f1 40       		.byte	64
 527 01f2 43       		.byte	67
 528 01f3 04       		.byte	4
 529 01f4 47       		.byte	71
 530 01f5 04       		.byte	4
 531 01f6 4E       		.byte	78
 532 01f7 01       		.byte	1
 533 01f8 57       		.byte	87
 534 01f9 08       		.byte	8
 535 01fa 68       		.byte	104
 536 01fb 08       		.byte	8
 537 01fc 69       		.byte	105
 538 01fd 54       		.byte	84
 539 01fe 73       		.byte	115
 540 01ff 01       		.byte	1
 541 0200 92       		.byte	-110
 542 0201 08       		.byte	8
 543 0202 95       		.byte	-107
 544 0203 04       		.byte	4
 545 0204 96       		.byte	-106
 546 0205 21       		.byte	33
 547 0206 97       		.byte	-105
 548 0207 40       		.byte	64
 549 0208 99       		.byte	-103
 550 0209 02       		.byte	2
 551 020a 9A       		.byte	-102
 552 020b 28       		.byte	40
 553 020c 9C       		.byte	-100
 554 020d 40       		.byte	64
 555 020e A6       		.byte	-90
 556 020f 0A       		.byte	10
 557 0210 C0       		.byte	-64
 558 0211 03       		.byte	3
 559 0212 C2       		.byte	-62
 560 0213 07       		.byte	7
 561 0214 C4       		.byte	-60
 562 0215 01       		.byte	1
 563 0216 CA       		.byte	-54
 564 0217 2F       		.byte	47
 565 0218 CC       		.byte	-52
 566 0219 1F       		.byte	31
 567 021a CE       		.byte	-50
 568 021b 8E       		.byte	-114
 569 021c D0       		.byte	-48
 570 021d 43       		.byte	67
ARM GAS  C:\Users\aryan\AppData\Local\Temp\cco4k68p.s 			page 11


 571 021e D2       		.byte	-46
 572 021f 10       		.byte	16
 573 0220 08       		.byte	8
 574 0221 1C       		.byte	28
 575 0222 0A       		.byte	10
 576 0223 02       		.byte	2
 577 0224 12       		.byte	18
 578 0225 1D       		.byte	29
 579 0226 14       		.byte	20
 580 0227 18       		.byte	24
 581 0228 16       		.byte	22
 582 0229 01       		.byte	1
 583 022a 28       		.byte	40
 584 022b 05       		.byte	5
 585 022c 2A       		.byte	42
 586 022d 10       		.byte	16
 587 022e 30       		.byte	48
 588 022f 10       		.byte	16
 589 0230 34       		.byte	52
 590 0231 03       		.byte	3
 591 0232 36       		.byte	54
 592 0233 0C       		.byte	12
 593 0234 3E       		.byte	62
 594 0235 51       		.byte	81
 595 0236 40       		.byte	64
 596 0237 42       		.byte	66
 597 0238 41       		.byte	65
 598 0239 01       		.byte	1
 599 023a 46       		.byte	70
 600 023b 60       		.byte	96
 601 023c 47       		.byte	71
 602 023d 02       		.byte	2
 603 023e 48       		.byte	72
 604 023f 18       		.byte	24
 605 0240 58       		.byte	88
 606 0241 04       		.byte	4
 607 0242 5A       		.byte	90
 608 0243 04       		.byte	4
 609 0244 5F       		.byte	95
 610 0245 01       		.byte	1
 611 0246 61       		.byte	97
 612 0247 0C       		.byte	12
 613 0248 62       		.byte	98
 614 0249 F0       		.byte	-16
 615 024a 63       		.byte	99
 616 024b 0C       		.byte	12
 617 024c 65       		.byte	101
 618 024d 0C       		.byte	12
 619 024e 67       		.byte	103
 620 024f 0C       		.byte	12
 621 0250 68       		.byte	104
 622 0251 40       		.byte	64
 623 0252 69       		.byte	105
 624 0253 4C       		.byte	76
 625 0254 6A       		.byte	106
 626 0255 40       		.byte	64
 627 0256 6B       		.byte	107
ARM GAS  C:\Users\aryan\AppData\Local\Temp\cco4k68p.s 			page 12


 628 0257 4C       		.byte	76
 629 0258 6C       		.byte	108
 630 0259 90       		.byte	-112
 631 025a 6D       		.byte	109
 632 025b 58       		.byte	88
 633 025c 6F       		.byte	111
 634 025d 0C       		.byte	12
 635 025e 85       		.byte	-123
 636 025f 29       		.byte	41
 637 0260 86       		.byte	-122
 638 0261 01       		.byte	1
 639 0262 8C       		.byte	-116
 640 0263 03       		.byte	3
 641 0264 92       		.byte	-110
 642 0265 02       		.byte	2
 643 0266 96       		.byte	-106
 644 0267 01       		.byte	1
 645 0268 97       		.byte	-105
 646 0269 60       		.byte	96
 647 026a 98       		.byte	-104
 648 026b 03       		.byte	3
 649 026c 9B       		.byte	-101
 650 026d 03       		.byte	3
 651 026e 9C       		.byte	-100
 652 026f 03       		.byte	3
 653 0270 A3       		.byte	-93
 654 0271 7B       		.byte	123
 655 0272 A5       		.byte	-91
 656 0273 52       		.byte	82
 657 0274 A8       		.byte	-88
 658 0275 03       		.byte	3
 659 0276 A9       		.byte	-87
 660 0277 78       		.byte	120
 661 0278 AB       		.byte	-85
 662 0279 04       		.byte	4
 663 027a AC       		.byte	-84
 664 027b 01       		.byte	1
 665 027c AD       		.byte	-83
 666 027d 7B       		.byte	123
 667 027e AE       		.byte	-82
 668 027f 02       		.byte	2
 669 0280 B0       		.byte	-80
 670 0281 02       		.byte	2
 671 0282 B1       		.byte	-79
 672 0283 60       		.byte	96
 673 0284 B3       		.byte	-77
 674 0285 18       		.byte	24
 675 0286 B4       		.byte	-76
 676 0287 01       		.byte	1
 677 0288 B5       		.byte	-75
 678 0289 07       		.byte	7
 679 028a BF       		.byte	-65
 680 028b 15       		.byte	21
 681 028c C0       		.byte	-64
 682 028d 42       		.byte	66
 683 028e C1       		.byte	-63
 684 028f 03       		.byte	3
ARM GAS  C:\Users\aryan\AppData\Local\Temp\cco4k68p.s 			page 13


 685 0290 C5       		.byte	-59
 686 0291 06       		.byte	6
 687 0292 C7       		.byte	-57
 688 0293 02       		.byte	2
 689 0294 C8       		.byte	-56
 690 0295 11       		.byte	17
 691 0296 D6       		.byte	-42
 692 0297 08       		.byte	8
 693 0298 D8       		.byte	-40
 694 0299 04       		.byte	4
 695 029a D9       		.byte	-39
 696 029b 04       		.byte	4
 697 029c DA       		.byte	-38
 698 029d 04       		.byte	4
 699 029e DB       		.byte	-37
 700 029f 0F       		.byte	15
 701 02a0 DF       		.byte	-33
 702 02a1 01       		.byte	1
 703 02a2 E1       		.byte	-31
 704 02a3 0C       		.byte	12
 705 02a4 E2       		.byte	-30
 706 02a5 F0       		.byte	-16
 707 02a6 E3       		.byte	-29
 708 02a7 0C       		.byte	12
 709 02a8 E5       		.byte	-27
 710 02a9 0C       		.byte	12
 711 02aa E7       		.byte	-25
 712 02ab 0C       		.byte	12
 713 02ac E8       		.byte	-24
 714 02ad 40       		.byte	64
 715 02ae E9       		.byte	-23
 716 02af 4C       		.byte	76
 717 02b0 EA       		.byte	-22
 718 02b1 40       		.byte	64
 719 02b2 EB       		.byte	-21
 720 02b3 4C       		.byte	76
 721 02b4 EC       		.byte	-20
 722 02b5 90       		.byte	-112
 723 02b6 ED       		.byte	-19
 724 02b7 58       		.byte	88
 725 02b8 EF       		.byte	-17
 726 02b9 0C       		.byte	12
 727 02ba 01       		.byte	1
 728 02bb 04       		.byte	4
 729 02bc 03       		.byte	3
 730 02bd 02       		.byte	2
 731 02be 05       		.byte	5
 732 02bf 20       		.byte	32
 733 02c0 08       		.byte	8
 734 02c1 01       		.byte	1
 735 02c2 0A       		.byte	10
 736 02c3 29       		.byte	41
 737 02c4 0B       		.byte	11
 738 02c5 40       		.byte	64
 739 02c6 0E       		.byte	14
 740 02c7 40       		.byte	64
 741 02c8 0F       		.byte	15
ARM GAS  C:\Users\aryan\AppData\Local\Temp\cco4k68p.s 			page 14


 742 02c9 20       		.byte	32
 743 02ca 12       		.byte	18
 744 02cb 0A       		.byte	10
 745 02cc 16       		.byte	22
 746 02cd 08       		.byte	8
 747 02ce 19       		.byte	25
 748 02cf 22       		.byte	34
 749 02d0 1A       		.byte	26
 750 02d1 48       		.byte	72
 751 02d2 1B       		.byte	27
 752 02d3 02       		.byte	2
 753 02d4 1D       		.byte	29
 754 02d5 A2       		.byte	-94
 755 02d6 20       		.byte	32
 756 02d7 54       		.byte	84
 757 02d8 28       		.byte	40
 758 02d9 02       		.byte	2
 759 02da 29       		.byte	41
 760 02db 22       		.byte	34
 761 02dc 2B       		.byte	43
 762 02dd 10       		.byte	16
 763 02de 30       		.byte	48
 764 02df 28       		.byte	40
 765 02e0 3A       		.byte	58
 766 02e1 08       		.byte	8
 767 02e2 40       		.byte	64
 768 02e3 54       		.byte	84
 769 02e4 45       		.byte	69
 770 02e5 A2       		.byte	-94
 771 02e6 48       		.byte	72
 772 02e7 20       		.byte	32
 773 02e8 50       		.byte	80
 774 02e9 08       		.byte	8
 775 02ea 56       		.byte	86
 776 02eb 28       		.byte	40
 777 02ec 57       		.byte	87
 778 02ed 10       		.byte	16
 779 02ee 58       		.byte	88
 780 02ef 40       		.byte	64
 781 02f0 60       		.byte	96
 782 02f1 02       		.byte	2
 783 02f2 78       		.byte	120
 784 02f3 01       		.byte	1
 785 02f4 84       		.byte	-124
 786 02f5 02       		.byte	2
 787 02f6 86       		.byte	-122
 788 02f7 08       		.byte	8
 789 02f8 C0       		.byte	-64
 790 02f9 45       		.byte	69
 791 02fa C2       		.byte	-62
 792 02fb 3F       		.byte	63
 793 02fc C4       		.byte	-60
 794 02fd 43       		.byte	67
 795 02fe CA       		.byte	-54
 796 02ff 0F       		.byte	15
 797 0300 CC       		.byte	-52
 798 0301 06       		.byte	6
ARM GAS  C:\Users\aryan\AppData\Local\Temp\cco4k68p.s 			page 15


 799 0302 CE       		.byte	-50
 800 0303 02       		.byte	2
 801 0304 D0       		.byte	-48
 802 0305 B7       		.byte	-73
 803 0306 D6       		.byte	-42
 804 0307 08       		.byte	8
 805 0308 D8       		.byte	-40
 806 0309 08       		.byte	8
 807 030a DE       		.byte	-34
 808 030b 01       		.byte	1
 809 030c E4       		.byte	-28
 810 030d 02       		.byte	2
 811 030e EC       		.byte	-20
 812 030f 20       		.byte	32
 813 0310 B0       		.byte	-80
 814 0311 40       		.byte	64
 815 0312 EC       		.byte	-20
 816 0313 20       		.byte	32
 817 0314 31       		.byte	49
 818 0315 20       		.byte	32
 819 0316 3F       		.byte	63
 820 0317 40       		.byte	64
 821 0318 CC       		.byte	-52
 822 0319 10       		.byte	16
 823 031a CE       		.byte	-50
 824 031b 20       		.byte	32
 825 031c 85       		.byte	-123
 826 031d 20       		.byte	32
 827 031e 97       		.byte	-105
 828 031f 40       		.byte	64
 829 0320 A5       		.byte	-91
 830 0321 20       		.byte	32
 831 0322 E2       		.byte	-30
 832 0323 10       		.byte	16
 833 0324 97       		.byte	-105
 834 0325 40       		.byte	64
 835 0326 97       		.byte	-105
 836 0327 40       		.byte	64
 837 0328 A3       		.byte	-93
 838 0329 08       		.byte	8
 839 032a AB       		.byte	-85
 840 032b 08       		.byte	8
 841 032c EE       		.byte	-18
 842 032d 80       		.byte	-128
 843 032e 3B       		.byte	59
 844 032f 20       		.byte	32
 845 0330 CE       		.byte	-50
 846 0331 08       		.byte	8
 847 0332 87       		.byte	-121
 848 0333 10       		.byte	16
 849 0334 97       		.byte	-105
 850 0335 20       		.byte	32
 851 0336 30       		.byte	48
 852 0337 20       		.byte	32
 853 0338 CC       		.byte	-52
 854 0339 08       		.byte	8
 855 033a 00       		.byte	0
ARM GAS  C:\Users\aryan\AppData\Local\Temp\cco4k68p.s 			page 16


 856 033b 02       		.byte	2
 857 033c A4       		.byte	-92
 858 033d 20       		.byte	32
 859 033e C0       		.byte	-64
 860 033f 08       		.byte	8
 861 0340 20       		.byte	32
 862 0341 80       		.byte	-128
 863 0342 23       		.byte	35
 864 0343 40       		.byte	64
 865 0344 97       		.byte	-105
 866 0345 40       		.byte	64
 867 0346 A3       		.byte	-93
 868 0347 08       		.byte	8
 869 0348 C8       		.byte	-56
 870 0349 40       		.byte	64
 871 034a 7B       		.byte	123
 872 034b 08       		.byte	8
 873 034c A3       		.byte	-93
 874 034d 08       		.byte	8
 875 034e B0       		.byte	-80
 876 034f 40       		.byte	64
 877 0350 DE       		.byte	-34
 878 0351 40       		.byte	64
 879 0352 A4       		.byte	-92
 880 0353 20       		.byte	32
 881 0354 B0       		.byte	-80
 882 0355 01       		.byte	1
 883 0356 EA       		.byte	-22
 884 0357 01       		.byte	1
 885 0358 B0       		.byte	-80
 886 0359 20       		.byte	32
 887 035a EC       		.byte	-20
 888 035b 04       		.byte	4
 889 035c 00       		.byte	0
 890 035d 01       		.byte	1
 891 035e 0C       		.byte	12
 892 035f 01       		.byte	1
 893 0360 0E       		.byte	14
 894 0361 01       		.byte	1
 895 0362 00       		.byte	0
 896 0363 03       		.byte	3
 897 0364 10       		.byte	16
 898 0365 02       		.byte	2
 899 0366 00       		.byte	0
 900 0367 00       		.byte	0
 901 0368 00       		.byte	0
 902 0369 00       		.byte	0
 903 036a 00       		.byte	0
 904 036b 00       		.byte	0
 905 036c 00       		.byte	0
 906 036d 00       		.byte	0
 907 036e 01       		.byte	1
 908 036f 00       		.byte	0
 909 0370 00       		.byte	0
 910 0371 0B       		.byte	11
 911 0372 0B       		.byte	11
 912 0373 00       		.byte	0
ARM GAS  C:\Users\aryan\AppData\Local\Temp\cco4k68p.s 			page 17


 913 0374 00       		.byte	0
 914 0375 00       		.byte	0
 915 0376 00       		.byte	0
 916 0377 00       		.byte	0
 917 0378 00       		.byte	0
 918 0379 7F       		.byte	127
 919 037a 7F       		.byte	127
 920 037b 00       		.byte	0
 921 037c 00       		.byte	0
 922 037d 00       		.byte	0
 923 037e 00       		.byte	0
 924 037f 00       		.byte	0
 925 0380 00       		.byte	0
 926 0381 00       		.byte	0
 927 0382 7F       		.byte	127
 928 0383 00       		.byte	0
 929 0384 00       		.byte	0
 930 0385 00       		.byte	0
 931 0386 80       		.byte	-128
 932 0387 00       		.byte	0
 933              		.section	.cywolatch,"a",%progbits
 934              		.align	2
 935              		.type	cy_meta_wonvl, %object
 936              		.size	cy_meta_wonvl, 4
 937              	cy_meta_wonvl:
 938 0000 BC       		.byte	-68
 939 0001 90       		.byte	-112
 940 0002 AC       		.byte	-84
 941 0003 AF       		.byte	-81
 942              		.section	.cycustnvl,"a",%progbits
 943              		.align	2
 944              		.type	cy_meta_custnvl, %object
 945              		.size	cy_meta_custnvl, 4
 946              	cy_meta_custnvl:
 947 0000 00       		.byte	0
 948 0001 00       		.byte	0
 949 0002 40       		.byte	64
 950 0003 05       		.byte	5
 951              		.section	.cymeta,"a",%progbits
 952              		.align	2
 953              		.type	cy_metadata, %object
 954              		.size	cy_metadata, 12
 955              	cy_metadata:
 956 0000 00       		.byte	0
 957 0001 01       		.byte	1
 958 0002 2E       		.byte	46
 959 0003 12       		.byte	18
 960 0004 30       		.byte	48
 961 0005 69       		.byte	105
 962 0006 00       		.byte	0
 963 0007 01       		.byte	1
 964 0008 00       		.byte	0
 965 0009 00       		.byte	0
 966 000a 00       		.byte	0
 967 000b 00       		.byte	0
 968              		.section	.cyflashprotect,"a",%progbits
 969              		.align	2
ARM GAS  C:\Users\aryan\AppData\Local\Temp\cco4k68p.s 			page 18


 970              		.type	cy_meta_flashprotect, %object
 971              		.size	cy_meta_flashprotect, 256
 972              	cy_meta_flashprotect:
 973 0000 00000000 		.space	256
 973      00000000 
 973      00000000 
 973      00000000 
 973      00000000 
 974              		.text
 975              	.Letext0:
 976              		.file 1 "c:\\program files (x86)\\cypress\\psoc creator\\4.4\\psoc creator\\import\\gnu\\arm\\5.4.
 977              		.file 2 "c:\\program files (x86)\\cypress\\psoc creator\\4.4\\psoc creator\\import\\gnu\\arm\\5.4.
 978              		.file 3 "Generated_Source\\PSoC5\\cymetadata.c"
 979              		.section	.debug_info,"",%progbits
 980              	.Ldebug_info0:
 981 0000 31010000 		.4byte	0x131
 982 0004 0400     		.2byte	0x4
 983 0006 00000000 		.4byte	.Ldebug_abbrev0
 984 000a 04       		.byte	0x4
 985 000b 01       		.uleb128 0x1
 986 000c 79000000 		.4byte	.LASF17
 987 0010 0C       		.byte	0xc
 988 0011 D3010000 		.4byte	.LASF18
 989 0015 0A000000 		.4byte	.LASF19
 990 0019 00000000 		.4byte	.Ldebug_line0
 991 001d 02       		.uleb128 0x2
 992 001e 01       		.byte	0x1
 993 001f 06       		.byte	0x6
 994 0020 C7010000 		.4byte	.LASF0
 995 0024 03       		.uleb128 0x3
 996 0025 00000000 		.4byte	.LASF9
 997 0029 01       		.byte	0x1
 998 002a 1D       		.byte	0x1d
 999 002b 2F000000 		.4byte	0x2f
 1000 002f 02       		.uleb128 0x2
 1001 0030 01       		.byte	0x1
 1002 0031 08       		.byte	0x8
 1003 0032 6B000000 		.4byte	.LASF1
 1004 0036 02       		.uleb128 0x2
 1005 0037 02       		.byte	0x2
 1006 0038 05       		.byte	0x5
 1007 0039 B4010000 		.4byte	.LASF2
 1008 003d 02       		.uleb128 0x2
 1009 003e 02       		.byte	0x2
 1010 003f 07       		.byte	0x7
 1011 0040 19010000 		.4byte	.LASF3
 1012 0044 02       		.uleb128 0x2
 1013 0045 04       		.byte	0x4
 1014 0046 05       		.byte	0x5
 1015 0047 BE010000 		.4byte	.LASF4
 1016 004b 02       		.uleb128 0x2
 1017 004c 04       		.byte	0x4
 1018 004d 07       		.byte	0x7
 1019 004e 07010000 		.4byte	.LASF5
 1020 0052 02       		.uleb128 0x2
 1021 0053 08       		.byte	0x8
 1022 0054 05       		.byte	0x5
ARM GAS  C:\Users\aryan\AppData\Local\Temp\cco4k68p.s 			page 19


 1023 0055 A6010000 		.4byte	.LASF6
 1024 0059 02       		.uleb128 0x2
 1025 005a 08       		.byte	0x8
 1026 005b 07       		.byte	0x7
 1027 005c 5B010000 		.4byte	.LASF7
 1028 0060 04       		.uleb128 0x4
 1029 0061 04       		.byte	0x4
 1030 0062 05       		.byte	0x5
 1031 0063 696E7400 		.ascii	"int\000"
 1032 0067 02       		.uleb128 0x2
 1033 0068 04       		.byte	0x4
 1034 0069 07       		.byte	0x7
 1035 006a 4E010000 		.4byte	.LASF8
 1036 006e 03       		.uleb128 0x3
 1037 006f 72010000 		.4byte	.LASF10
 1038 0073 02       		.byte	0x2
 1039 0074 18       		.byte	0x18
 1040 0075 24000000 		.4byte	0x24
 1041 0079 05       		.uleb128 0x5
 1042 007a 91000000 		.4byte	0x91
 1043 007e 8A000000 		.4byte	0x8a
 1044 0082 06       		.uleb128 0x6
 1045 0083 8A000000 		.4byte	0x8a
 1046 0087 8703     		.2byte	0x387
 1047 0089 00       		.byte	0
 1048 008a 02       		.uleb128 0x2
 1049 008b 04       		.byte	0x4
 1050 008c 07       		.byte	0x7
 1051 008d 9D010000 		.4byte	.LASF11
 1052 0091 07       		.uleb128 0x7
 1053 0092 6E000000 		.4byte	0x6e
 1054 0096 08       		.uleb128 0x8
 1055 0097 3C010000 		.4byte	.LASF12
 1056 009b 03       		.byte	0x3
 1057 009c 1F       		.byte	0x1f
 1058 009d A7000000 		.4byte	0xa7
 1059 00a1 05       		.uleb128 0x5
 1060 00a2 03       		.byte	0x3
 1061 00a3 00000000 		.4byte	cy_meta_configecc
 1062 00a7 07       		.uleb128 0x7
 1063 00a8 79000000 		.4byte	0x79
 1064 00ac 05       		.uleb128 0x5
 1065 00ad 91000000 		.4byte	0x91
 1066 00b1 BC000000 		.4byte	0xbc
 1067 00b5 09       		.uleb128 0x9
 1068 00b6 8A000000 		.4byte	0x8a
 1069 00ba 03       		.byte	0x3
 1070 00bb 00       		.byte	0
 1071 00bc 08       		.uleb128 0x8
 1072 00bd 2C010000 		.4byte	.LASF13
 1073 00c1 03       		.byte	0x3
 1074 00c2 9D       		.byte	0x9d
 1075 00c3 CD000000 		.4byte	0xcd
 1076 00c7 05       		.uleb128 0x5
 1077 00c8 03       		.byte	0x3
 1078 00c9 00000000 		.4byte	cy_meta_custnvl
 1079 00cd 07       		.uleb128 0x7
ARM GAS  C:\Users\aryan\AppData\Local\Temp\cco4k68p.s 			page 20


 1080 00ce AC000000 		.4byte	0xac
 1081 00d2 08       		.uleb128 0x8
 1082 00d3 8F010000 		.4byte	.LASF14
 1083 00d7 03       		.byte	0x3
 1084 00d8 AB       		.byte	0xab
 1085 00d9 E3000000 		.4byte	0xe3
 1086 00dd 05       		.uleb128 0x5
 1087 00de 03       		.byte	0x3
 1088 00df 00000000 		.4byte	cy_meta_wonvl
 1089 00e3 07       		.uleb128 0x7
 1090 00e4 AC000000 		.4byte	0xac
 1091 00e8 05       		.uleb128 0x5
 1092 00e9 91000000 		.4byte	0x91
 1093 00ed F8000000 		.4byte	0xf8
 1094 00f1 09       		.uleb128 0x9
 1095 00f2 8A000000 		.4byte	0x8a
 1096 00f6 FF       		.byte	0xff
 1097 00f7 00       		.byte	0
 1098 00f8 08       		.uleb128 0x8
 1099 00f9 7A010000 		.4byte	.LASF15
 1100 00fd 03       		.byte	0x3
 1101 00fe B9       		.byte	0xb9
 1102 00ff 09010000 		.4byte	0x109
 1103 0103 05       		.uleb128 0x5
 1104 0104 03       		.byte	0x3
 1105 0105 00000000 		.4byte	cy_meta_flashprotect
 1106 0109 07       		.uleb128 0x7
 1107 010a E8000000 		.4byte	0xe8
 1108 010e 05       		.uleb128 0x5
 1109 010f 91000000 		.4byte	0x91
 1110 0113 1E010000 		.4byte	0x11e
 1111 0117 09       		.uleb128 0x9
 1112 0118 8A000000 		.4byte	0x8a
 1113 011c 0B       		.byte	0xb
 1114 011d 00       		.byte	0
 1115 011e 08       		.uleb128 0x8
 1116 011f 5F000000 		.4byte	.LASF16
 1117 0123 03       		.byte	0x3
 1118 0124 E6       		.byte	0xe6
 1119 0125 2F010000 		.4byte	0x12f
 1120 0129 05       		.uleb128 0x5
 1121 012a 03       		.byte	0x3
 1122 012b 00000000 		.4byte	cy_metadata
 1123 012f 07       		.uleb128 0x7
 1124 0130 0E010000 		.4byte	0x10e
 1125 0134 00       		.byte	0
 1126              		.section	.debug_abbrev,"",%progbits
 1127              	.Ldebug_abbrev0:
 1128 0000 01       		.uleb128 0x1
 1129 0001 11       		.uleb128 0x11
 1130 0002 01       		.byte	0x1
 1131 0003 25       		.uleb128 0x25
 1132 0004 0E       		.uleb128 0xe
 1133 0005 13       		.uleb128 0x13
 1134 0006 0B       		.uleb128 0xb
 1135 0007 03       		.uleb128 0x3
 1136 0008 0E       		.uleb128 0xe
ARM GAS  C:\Users\aryan\AppData\Local\Temp\cco4k68p.s 			page 21


 1137 0009 1B       		.uleb128 0x1b
 1138 000a 0E       		.uleb128 0xe
 1139 000b 10       		.uleb128 0x10
 1140 000c 17       		.uleb128 0x17
 1141 000d 00       		.byte	0
 1142 000e 00       		.byte	0
 1143 000f 02       		.uleb128 0x2
 1144 0010 24       		.uleb128 0x24
 1145 0011 00       		.byte	0
 1146 0012 0B       		.uleb128 0xb
 1147 0013 0B       		.uleb128 0xb
 1148 0014 3E       		.uleb128 0x3e
 1149 0015 0B       		.uleb128 0xb
 1150 0016 03       		.uleb128 0x3
 1151 0017 0E       		.uleb128 0xe
 1152 0018 00       		.byte	0
 1153 0019 00       		.byte	0
 1154 001a 03       		.uleb128 0x3
 1155 001b 16       		.uleb128 0x16
 1156 001c 00       		.byte	0
 1157 001d 03       		.uleb128 0x3
 1158 001e 0E       		.uleb128 0xe
 1159 001f 3A       		.uleb128 0x3a
 1160 0020 0B       		.uleb128 0xb
 1161 0021 3B       		.uleb128 0x3b
 1162 0022 0B       		.uleb128 0xb
 1163 0023 49       		.uleb128 0x49
 1164 0024 13       		.uleb128 0x13
 1165 0025 00       		.byte	0
 1166 0026 00       		.byte	0
 1167 0027 04       		.uleb128 0x4
 1168 0028 24       		.uleb128 0x24
 1169 0029 00       		.byte	0
 1170 002a 0B       		.uleb128 0xb
 1171 002b 0B       		.uleb128 0xb
 1172 002c 3E       		.uleb128 0x3e
 1173 002d 0B       		.uleb128 0xb
 1174 002e 03       		.uleb128 0x3
 1175 002f 08       		.uleb128 0x8
 1176 0030 00       		.byte	0
 1177 0031 00       		.byte	0
 1178 0032 05       		.uleb128 0x5
 1179 0033 01       		.uleb128 0x1
 1180 0034 01       		.byte	0x1
 1181 0035 49       		.uleb128 0x49
 1182 0036 13       		.uleb128 0x13
 1183 0037 01       		.uleb128 0x1
 1184 0038 13       		.uleb128 0x13
 1185 0039 00       		.byte	0
 1186 003a 00       		.byte	0
 1187 003b 06       		.uleb128 0x6
 1188 003c 21       		.uleb128 0x21
 1189 003d 00       		.byte	0
 1190 003e 49       		.uleb128 0x49
 1191 003f 13       		.uleb128 0x13
 1192 0040 2F       		.uleb128 0x2f
 1193 0041 05       		.uleb128 0x5
ARM GAS  C:\Users\aryan\AppData\Local\Temp\cco4k68p.s 			page 22


 1194 0042 00       		.byte	0
 1195 0043 00       		.byte	0
 1196 0044 07       		.uleb128 0x7
 1197 0045 26       		.uleb128 0x26
 1198 0046 00       		.byte	0
 1199 0047 49       		.uleb128 0x49
 1200 0048 13       		.uleb128 0x13
 1201 0049 00       		.byte	0
 1202 004a 00       		.byte	0
 1203 004b 08       		.uleb128 0x8
 1204 004c 34       		.uleb128 0x34
 1205 004d 00       		.byte	0
 1206 004e 03       		.uleb128 0x3
 1207 004f 0E       		.uleb128 0xe
 1208 0050 3A       		.uleb128 0x3a
 1209 0051 0B       		.uleb128 0xb
 1210 0052 3B       		.uleb128 0x3b
 1211 0053 0B       		.uleb128 0xb
 1212 0054 49       		.uleb128 0x49
 1213 0055 13       		.uleb128 0x13
 1214 0056 3F       		.uleb128 0x3f
 1215 0057 19       		.uleb128 0x19
 1216 0058 02       		.uleb128 0x2
 1217 0059 18       		.uleb128 0x18
 1218 005a 00       		.byte	0
 1219 005b 00       		.byte	0
 1220 005c 09       		.uleb128 0x9
 1221 005d 21       		.uleb128 0x21
 1222 005e 00       		.byte	0
 1223 005f 49       		.uleb128 0x49
 1224 0060 13       		.uleb128 0x13
 1225 0061 2F       		.uleb128 0x2f
 1226 0062 0B       		.uleb128 0xb
 1227 0063 00       		.byte	0
 1228 0064 00       		.byte	0
 1229 0065 00       		.byte	0
 1230              		.section	.debug_aranges,"",%progbits
 1231 0000 14000000 		.4byte	0x14
 1232 0004 0200     		.2byte	0x2
 1233 0006 00000000 		.4byte	.Ldebug_info0
 1234 000a 04       		.byte	0x4
 1235 000b 00       		.byte	0
 1236 000c 0000     		.2byte	0
 1237 000e 0000     		.2byte	0
 1238 0010 00000000 		.4byte	0
 1239 0014 00000000 		.4byte	0
 1240              		.section	.debug_line,"",%progbits
 1241              	.Ldebug_line0:
 1242 0000 3D010000 		.section	.debug_str,"MS",%progbits,1
 1242      02003701 
 1242      00000201 
 1242      FB0E0D00 
 1242      01010101 
 1243              	.LASF9:
 1244 0000 5F5F7569 		.ascii	"__uint8_t\000"
 1244      6E74385F 
 1244      7400
ARM GAS  C:\Users\aryan\AppData\Local\Temp\cco4k68p.s 			page 23


 1245              	.LASF19:
 1246 000a 453A5C45 		.ascii	"E:\\Embeded System Lab\\ENDSEM-PROJECT\\COMPLETE pr"
 1246      6D626564 
 1246      65642053 
 1246      79737465 
 1246      6D204C61 
 1247 003a 6F6A6563 		.ascii	"oject\\Workspace-Final\\Design02.cydsn\000"
 1247      745C576F 
 1247      726B7370 
 1247      6163652D 
 1247      46696E61 
 1248              	.LASF16:
 1249 005f 63795F6D 		.ascii	"cy_metadata\000"
 1249      65746164 
 1249      61746100 
 1250              	.LASF1:
 1251 006b 756E7369 		.ascii	"unsigned char\000"
 1251      676E6564 
 1251      20636861 
 1251      7200
 1252              	.LASF17:
 1253 0079 474E5520 		.ascii	"GNU C11 5.4.1 20160609 (release) [ARM/embedded-5-br"
 1253      43313120 
 1253      352E342E 
 1253      31203230 
 1253      31363036 
 1254 00ac 616E6368 		.ascii	"anch revision 237715] -mcpu=cortex-m3 -mthumb -g -O"
 1254      20726576 
 1254      6973696F 
 1254      6E203233 
 1254      37373135 
 1255 00df 67202D66 		.ascii	"g -ffunction-sections -ffat-lto-objects\000"
 1255      66756E63 
 1255      74696F6E 
 1255      2D736563 
 1255      74696F6E 
 1256              	.LASF5:
 1257 0107 6C6F6E67 		.ascii	"long unsigned int\000"
 1257      20756E73 
 1257      69676E65 
 1257      6420696E 
 1257      7400
 1258              	.LASF3:
 1259 0119 73686F72 		.ascii	"short unsigned int\000"
 1259      7420756E 
 1259      7369676E 
 1259      65642069 
 1259      6E7400
 1260              	.LASF13:
 1261 012c 63795F6D 		.ascii	"cy_meta_custnvl\000"
 1261      6574615F 
 1261      63757374 
 1261      6E766C00 
 1262              	.LASF12:
 1263 013c 63795F6D 		.ascii	"cy_meta_configecc\000"
 1263      6574615F 
 1263      636F6E66 
ARM GAS  C:\Users\aryan\AppData\Local\Temp\cco4k68p.s 			page 24


 1263      69676563 
 1263      6300
 1264              	.LASF8:
 1265 014e 756E7369 		.ascii	"unsigned int\000"
 1265      676E6564 
 1265      20696E74 
 1265      00
 1266              	.LASF7:
 1267 015b 6C6F6E67 		.ascii	"long long unsigned int\000"
 1267      206C6F6E 
 1267      6720756E 
 1267      7369676E 
 1267      65642069 
 1268              	.LASF10:
 1269 0172 75696E74 		.ascii	"uint8_t\000"
 1269      385F7400 
 1270              	.LASF15:
 1271 017a 63795F6D 		.ascii	"cy_meta_flashprotect\000"
 1271      6574615F 
 1271      666C6173 
 1271      6870726F 
 1271      74656374 
 1272              	.LASF14:
 1273 018f 63795F6D 		.ascii	"cy_meta_wonvl\000"
 1273      6574615F 
 1273      776F6E76 
 1273      6C00
 1274              	.LASF11:
 1275 019d 73697A65 		.ascii	"sizetype\000"
 1275      74797065 
 1275      00
 1276              	.LASF6:
 1277 01a6 6C6F6E67 		.ascii	"long long int\000"
 1277      206C6F6E 
 1277      6720696E 
 1277      7400
 1278              	.LASF2:
 1279 01b4 73686F72 		.ascii	"short int\000"
 1279      7420696E 
 1279      7400
 1280              	.LASF4:
 1281 01be 6C6F6E67 		.ascii	"long int\000"
 1281      20696E74 
 1281      00
 1282              	.LASF0:
 1283 01c7 7369676E 		.ascii	"signed char\000"
 1283      65642063 
 1283      68617200 
 1284              	.LASF18:
 1285 01d3 47656E65 		.ascii	"Generated_Source\\PSoC5\\cymetadata.c\000"
 1285      72617465 
 1285      645F536F 
 1285      75726365 
 1285      5C50536F 
 1286              		.ident	"GCC: (GNU Tools for ARM Embedded Processors) 5.4.1 20160609 (release) [ARM/embedded-5-bran
