--------------- Rebuild Started: 04/08/2025 15:13:35 Project: Design02, Configuration: ARM GCC 5.4-2016-q2-update Debug ---------------
Deleting file ".\CortexM3\ARM_GCC_541\Debug\main.o"
Deleting file ".\CortexM3\ARM_GCC_541\Debug\cyfitter_cfg.o"
Deleting file ".\CortexM3\ARM_GCC_541\Debug\cymetadata.o"
Deleting file ".\CortexM3\ARM_GCC_541\Debug\CapSense_CSD.o"
Deleting file ".\CortexM3\ARM_GCC_541\Debug\CapSense_CSD_CSHL.o"
Deleting file ".\CortexM3\ARM_GCC_541\Debug\CapSense_CSD_INT.o"
Deleting file ".\CortexM3\ARM_GCC_541\Debug\CapSense_CSD_Pins.o"
Deleting file ".\CortexM3\ARM_GCC_541\Debug\CapSense_CSD_PM.o"
Deleting file ".\CortexM3\ARM_GCC_541\Debug\CapSense_CSD_SMS_Wrapper.o"
Deleting file ".\CortexM3\ARM_GCC_541\Debug\CapSense_CSD_TunerHelper.o"
Deleting file ".\CortexM3\ARM_GCC_541\Debug\WaveDAC8.o"
Deleting file ".\CortexM3\ARM_GCC_541\Debug\WaveDAC8_PM.o"
Deleting file ".\CortexM3\ARM_GCC_541\Debug\P00_Vout.o"
Deleting file ".\CortexM3\ARM_GCC_541\Debug\LCD_BarGraph.o"
Deleting file ".\CortexM3\ARM_GCC_541\Debug\LCD.o"
Deleting file ".\CortexM3\ARM_GCC_541\Debug\LCD_PM.o"
Deleting file ".\CortexM3\ARM_GCC_541\Debug\CapSense_CSD_CompCH0.o"
Deleting file ".\CortexM3\ARM_GCC_541\Debug\CapSense_CSD_CompCH0_PM.o"
Deleting file ".\CortexM3\ARM_GCC_541\Debug\CapSense_CSD_IdacCH0.o"
Deleting file ".\CortexM3\ARM_GCC_541\Debug\CapSense_CSD_IdacCH0_PM.o"
Deleting file ".\CortexM3\ARM_GCC_541\Debug\CapSense_CSD_AMuxCH0.o"
Deleting file ".\CortexM3\ARM_GCC_541\Debug\CapSense_CSD_IntClock.o"
Deleting file ".\CortexM3\ARM_GCC_541\Debug\WaveDAC8_Wave1_DMA_dma.o"
Deleting file ".\CortexM3\ARM_GCC_541\Debug\WaveDAC8_Wave2_DMA_dma.o"
Deleting file ".\CortexM3\ARM_GCC_541\Debug\WaveDAC8_VDAC8.o"
Deleting file ".\CortexM3\ARM_GCC_541\Debug\WaveDAC8_VDAC8_PM.o"
Deleting file ".\CortexM3\ARM_GCC_541\Debug\WaveDAC8_BuffAmp.o"
Deleting file ".\CortexM3\ARM_GCC_541\Debug\WaveDAC8_BuffAmp_PM.o"
Deleting file ".\CortexM3\ARM_GCC_541\Debug\LCD_LCDPort.o"
Deleting file ".\CortexM3\ARM_GCC_541\Debug\Cm3Start.o"
Deleting file ".\CortexM3\ARM_GCC_541\Debug\CyBootAsmGnu.o"
Deleting file ".\CortexM3\ARM_GCC_541\Debug\CyDmac.o"
Deleting file ".\CortexM3\ARM_GCC_541\Debug\CyFlash.o"
Deleting file ".\CortexM3\ARM_GCC_541\Debug\CyLib.o"
Deleting file ".\CortexM3\ARM_GCC_541\Debug\cyPm.o"
Deleting file ".\CortexM3\ARM_GCC_541\Debug\CySpc.o"
Deleting file ".\CortexM3\ARM_GCC_541\Debug\cyutils.o"
Deleting file ".\CortexM3\ARM_GCC_541\Debug\cy_em_eeprom.o"
Deleting file ".\CortexM3\ARM_GCC_541\Debug\Clock_1.o"
Deleting file ".\CortexM3\ARM_GCC_541\Debug\Design02.hex"
Deleting file ".\CortexM3\ARM_GCC_541\Debug\Design02.elf"
Deleting file ".\CortexM3\ARM_GCC_541\Debug\Design02.map"
Deleting file ".\Design02.cycdx"
Deleting file ".\Design02.svd"
Deleting file ".\Design02.rpt"
Deleting file ".\Design02_timing.html"
Deleting file ".\CortexM3\ARM_GCC_541\Debug\.deps\SOURCE_C__ARM_GCC_GENERIC.P"
Deleting file ".\CortexM3\ARM_GCC_541\Debug\.deps\SOURCE_ASM__ARM_GCC_GENERIC.P"
cydsfit.exe -.appdatapath "C:\Users\aryan\AppData\Local\Cypress Semiconductor\PSoC Creator\4.4" -.fdsnotice -.fdswarpdepfile=warp_dependencies.txt -.fdselabdepfile=elab_dependencies.txt -.fdsbldfile=generated_files.txt -.fdsreffile=referenced_files.txt -p "E:\Embeded System Lab\ENDSEM-PROJECT\COMPLETE project\Workspace-Final\Design02.cydsn\Design02.cyprj" -d CY8C5868AXI-LP035 -s "E:\Embeded System Lab\ENDSEM-PROJECT\COMPLETE project\Workspace-Final\Design02.cydsn\Generated_Source\PSoC5" -- -yv2 -q10 -ygs -o2 -v3 -.fftcfgtype=LE
Elaborating Design...
HDL Generation...
Synthesis...
Tech Mapping...
Analog Placement...
Log: apr.M0058: The analog placement iterative improvement is 35% done. (App=cydsfit)
Log: apr.M0058: The analog placement iterative improvement is 61% done. (App=cydsfit)
Log: apr.M0058: The analog placement iterative improvement is 85% done. (App=cydsfit)
Analog Routing...
Analog Code Generation...
Digital Placement...
Digital Routing...
Bitstream Generation...
Bitstream Verification...
Static timing analysis...
API Generation...
Dependency Generation...
Cleanup...
arm-none-eabi-gcc.exe -mcpu=cortex-m3 -mthumb -I. -IGenerated_Source\PSoC5 -Wa,-alh=.\CortexM3\ARM_GCC_541\Debug/main.lst -g -D DEBUG -D CY_CORE_ID=0 -Wall -ffunction-sections -ffat-lto-objects -Og -c main.c -o .\CortexM3\ARM_GCC_541\Debug\main.o
arm-none-eabi-gcc.exe -mcpu=cortex-m3 -mthumb -I. -IGenerated_Source\PSoC5 -Wa,-alh=.\CortexM3\ARM_GCC_541\Debug/cyfitter_cfg.lst -g -D DEBUG -D CY_CORE_ID=0 -Wall -ffunction-sections -ffat-lto-objects -Og -c Generated_Source\PSoC5\cyfitter_cfg.c -o .\CortexM3\ARM_GCC_541\Debug\cyfitter_cfg.o
arm-none-eabi-gcc.exe -mcpu=cortex-m3 -mthumb -I. -IGenerated_Source\PSoC5 -Wa,-alh=.\CortexM3\ARM_GCC_541\Debug/cymetadata.lst -g -D DEBUG -D CY_CORE_ID=0 -Wall -ffunction-sections -ffat-lto-objects -Og -c Generated_Source\PSoC5\cymetadata.c -o .\CortexM3\ARM_GCC_541\Debug\cymetadata.o
arm-none-eabi-gcc.exe -mcpu=cortex-m3 -mthumb -I. -IGenerated_Source\PSoC5 -Wa,-alh=.\CortexM3\ARM_GCC_541\Debug/CapSense_CSD.lst -g -D DEBUG -D CY_CORE_ID=0 -Wall -ffunction-sections -ffat-lto-objects -Og -c Generated_Source\PSoC5\CapSense_CSD.c -o .\CortexM3\ARM_GCC_541\Debug\CapSense_CSD.o
arm-none-eabi-gcc.exe -mcpu=cortex-m3 -mthumb -I. -IGenerated_Source\PSoC5 -Wa,-alh=.\CortexM3\ARM_GCC_541\Debug/CapSense_CSD_CSHL.lst -g -D DEBUG -D CY_CORE_ID=0 -Wall -ffunction-sections -ffat-lto-objects -Og -c Generated_Source\PSoC5\CapSense_CSD_CSHL.c -o .\CortexM3\ARM_GCC_541\Debug\CapSense_CSD_CSHL.o
arm-none-eabi-gcc.exe -mcpu=cortex-m3 -mthumb -I. -IGenerated_Source\PSoC5 -Wa,-alh=.\CortexM3\ARM_GCC_541\Debug/CapSense_CSD_INT.lst -g -D DEBUG -D CY_CORE_ID=0 -Wall -ffunction-sections -ffat-lto-objects -Og -c Generated_Source\PSoC5\CapSense_CSD_INT.c -o .\CortexM3\ARM_GCC_541\Debug\CapSense_CSD_INT.o
arm-none-eabi-gcc.exe -mcpu=cortex-m3 -mthumb -I. -IGenerated_Source\PSoC5 -Wa,-alh=.\CortexM3\ARM_GCC_541\Debug/CapSense_CSD_Pins.lst -g -D DEBUG -D CY_CORE_ID=0 -Wall -ffunction-sections -ffat-lto-objects -Og -c Generated_Source\PSoC5\CapSense_CSD_Pins.c -o .\CortexM3\ARM_GCC_541\Debug\CapSense_CSD_Pins.o
arm-none-eabi-gcc.exe -mcpu=cortex-m3 -mthumb -I. -IGenerated_Source\PSoC5 -Wa,-alh=.\CortexM3\ARM_GCC_541\Debug/CapSense_CSD_PM.lst -g -D DEBUG -D CY_CORE_ID=0 -Wall -ffunction-sections -ffat-lto-objects -Og -c Generated_Source\PSoC5\CapSense_CSD_PM.c -o .\CortexM3\ARM_GCC_541\Debug\CapSense_CSD_PM.o
arm-none-eabi-gcc.exe -mcpu=cortex-m3 -mthumb -I. -IGenerated_Source\PSoC5 -Wa,-alh=.\CortexM3\ARM_GCC_541\Debug/CapSense_CSD_SMS_Wrapper.lst -g -D DEBUG -D CY_CORE_ID=0 -Wall -ffunction-sections -ffat-lto-objects -Og -c Generated_Source\PSoC5\CapSense_CSD_SMS_Wrapper.c -o .\CortexM3\ARM_GCC_541\Debug\CapSense_CSD_SMS_Wrapper.o
arm-none-eabi-gcc.exe -mcpu=cortex-m3 -mthumb -I. -IGenerated_Source\PSoC5 -Wa,-alh=.\CortexM3\ARM_GCC_541\Debug/CapSense_CSD_TunerHelper.lst -g -D DEBUG -D CY_CORE_ID=0 -Wall -ffunction-sections -ffat-lto-objects -Og -c Generated_Source\PSoC5\CapSense_CSD_TunerHelper.c -o .\CortexM3\ARM_GCC_541\Debug\CapSense_CSD_TunerHelper.o
arm-none-eabi-gcc.exe -mcpu=cortex-m3 -mthumb -I. -IGenerated_Source\PSoC5 -Wa,-alh=.\CortexM3\ARM_GCC_541\Debug/WaveDAC8.lst -g -D DEBUG -D CY_CORE_ID=0 -Wall -ffunction-sections -ffat-lto-objects -Og -c Generated_Source\PSoC5\WaveDAC8.c -o .\CortexM3\ARM_GCC_541\Debug\WaveDAC8.o
arm-none-eabi-gcc.exe -mcpu=cortex-m3 -mthumb -I. -IGenerated_Source\PSoC5 -Wa,-alh=.\CortexM3\ARM_GCC_541\Debug/WaveDAC8_PM.lst -g -D DEBUG -D CY_CORE_ID=0 -Wall -ffunction-sections -ffat-lto-objects -Og -c Generated_Source\PSoC5\WaveDAC8_PM.c -o .\CortexM3\ARM_GCC_541\Debug\WaveDAC8_PM.o
arm-none-eabi-gcc.exe -mcpu=cortex-m3 -mthumb -I. -IGenerated_Source\PSoC5 -Wa,-alh=.\CortexM3\ARM_GCC_541\Debug/P00_Vout.lst -g -D DEBUG -D CY_CORE_ID=0 -Wall -ffunction-sections -ffat-lto-objects -Og -c Generated_Source\PSoC5\P00_Vout.c -o .\CortexM3\ARM_GCC_541\Debug\P00_Vout.o
arm-none-eabi-gcc.exe -mcpu=cortex-m3 -mthumb -I. -IGenerated_Source\PSoC5 -Wa,-alh=.\CortexM3\ARM_GCC_541\Debug/LCD_BarGraph.lst -g -D DEBUG -D CY_CORE_ID=0 -Wall -ffunction-sections -ffat-lto-objects -Og -c Generated_Source\PSoC5\LCD_BarGraph.c -o .\CortexM3\ARM_GCC_541\Debug\LCD_BarGraph.o
arm-none-eabi-gcc.exe -mcpu=cortex-m3 -mthumb -I. -IGenerated_Source\PSoC5 -Wa,-alh=.\CortexM3\ARM_GCC_541\Debug/LCD.lst -g -D DEBUG -D CY_CORE_ID=0 -Wall -ffunction-sections -ffat-lto-objects -Og -c Generated_Source\PSoC5\LCD.c -o .\CortexM3\ARM_GCC_541\Debug\LCD.o
arm-none-eabi-gcc.exe -mcpu=cortex-m3 -mthumb -I. -IGenerated_Source\PSoC5 -Wa,-alh=.\CortexM3\ARM_GCC_541\Debug/LCD_PM.lst -g -D DEBUG -D CY_CORE_ID=0 -Wall -ffunction-sections -ffat-lto-objects -Og -c Generated_Source\PSoC5\LCD_PM.c -o .\CortexM3\ARM_GCC_541\Debug\LCD_PM.o
arm-none-eabi-gcc.exe -mcpu=cortex-m3 -mthumb -I. -IGenerated_Source\PSoC5 -Wa,-alh=.\CortexM3\ARM_GCC_541\Debug/CapSense_CSD_CompCH0.lst -g -D DEBUG -D CY_CORE_ID=0 -Wall -ffunction-sections -ffat-lto-objects -Og -c Generated_Source\PSoC5\CapSense_CSD_CompCH0.c -o .\CortexM3\ARM_GCC_541\Debug\CapSense_CSD_CompCH0.o
arm-none-eabi-gcc.exe -mcpu=cortex-m3 -mthumb -I. -IGenerated_Source\PSoC5 -Wa,-alh=.\CortexM3\ARM_GCC_541\Debug/CapSense_CSD_CompCH0_PM.lst -g -D DEBUG -D CY_CORE_ID=0 -Wall -ffunction-sections -ffat-lto-objects -Og -c Generated_Source\PSoC5\CapSense_CSD_CompCH0_PM.c -o .\CortexM3\ARM_GCC_541\Debug\CapSense_CSD_CompCH0_PM.o
arm-none-eabi-gcc.exe -mcpu=cortex-m3 -mthumb -I. -IGenerated_Source\PSoC5 -Wa,-alh=.\CortexM3\ARM_GCC_541\Debug/CapSense_CSD_IdacCH0.lst -g -D DEBUG -D CY_CORE_ID=0 -Wall -ffunction-sections -ffat-lto-objects -Og -c Generated_Source\PSoC5\CapSense_CSD_IdacCH0.c -o .\CortexM3\ARM_GCC_541\Debug\CapSense_CSD_IdacCH0.o
arm-none-eabi-gcc.exe -mcpu=cortex-m3 -mthumb -I. -IGenerated_Source\PSoC5 -Wa,-alh=.\CortexM3\ARM_GCC_541\Debug/CapSense_CSD_IdacCH0_PM.lst -g -D DEBUG -D CY_CORE_ID=0 -Wall -ffunction-sections -ffat-lto-objects -Og -c Generated_Source\PSoC5\CapSense_CSD_IdacCH0_PM.c -o .\CortexM3\ARM_GCC_541\Debug\CapSense_CSD_IdacCH0_PM.o
arm-none-eabi-gcc.exe -mcpu=cortex-m3 -mthumb -I. -IGenerated_Source\PSoC5 -Wa,-alh=.\CortexM3\ARM_GCC_541\Debug/CapSense_CSD_AMuxCH0.lst -g -D DEBUG -D CY_CORE_ID=0 -Wall -ffunction-sections -ffat-lto-objects -Og -c Generated_Source\PSoC5\CapSense_CSD_AMuxCH0.c -o .\CortexM3\ARM_GCC_541\Debug\CapSense_CSD_AMuxCH0.o
arm-none-eabi-gcc.exe -mcpu=cortex-m3 -mthumb -I. -IGenerated_Source\PSoC5 -Wa,-alh=.\CortexM3\ARM_GCC_541\Debug/CapSense_CSD_IntClock.lst -g -D DEBUG -D CY_CORE_ID=0 -Wall -ffunction-sections -ffat-lto-objects -Og -c Generated_Source\PSoC5\CapSense_CSD_IntClock.c -o .\CortexM3\ARM_GCC_541\Debug\CapSense_CSD_IntClock.o
arm-none-eabi-gcc.exe -mcpu=cortex-m3 -mthumb -I. -IGenerated_Source\PSoC5 -Wa,-alh=.\CortexM3\ARM_GCC_541\Debug/WaveDAC8_Wave1_DMA_dma.lst -g -D DEBUG -D CY_CORE_ID=0 -Wall -ffunction-sections -ffat-lto-objects -Og -c Generated_Source\PSoC5\WaveDAC8_Wave1_DMA_dma.c -o .\CortexM3\ARM_GCC_541\Debug\WaveDAC8_Wave1_DMA_dma.o
arm-none-eabi-gcc.exe -mcpu=cortex-m3 -mthumb -I. -IGenerated_Source\PSoC5 -Wa,-alh=.\CortexM3\ARM_GCC_541\Debug/WaveDAC8_Wave2_DMA_dma.lst -g -D DEBUG -D CY_CORE_ID=0 -Wall -ffunction-sections -ffat-lto-objects -Og -c Generated_Source\PSoC5\WaveDAC8_Wave2_DMA_dma.c -o .\CortexM3\ARM_GCC_541\Debug\WaveDAC8_Wave2_DMA_dma.o
arm-none-eabi-gcc.exe -mcpu=cortex-m3 -mthumb -I. -IGenerated_Source\PSoC5 -Wa,-alh=.\CortexM3\ARM_GCC_541\Debug/WaveDAC8_VDAC8.lst -g -D DEBUG -D CY_CORE_ID=0 -Wall -ffunction-sections -ffat-lto-objects -Og -c Generated_Source\PSoC5\WaveDAC8_VDAC8.c -o .\CortexM3\ARM_GCC_541\Debug\WaveDAC8_VDAC8.o
arm-none-eabi-gcc.exe -mcpu=cortex-m3 -mthumb -I. -IGenerated_Source\PSoC5 -Wa,-alh=.\CortexM3\ARM_GCC_541\Debug/WaveDAC8_VDAC8_PM.lst -g -D DEBUG -D CY_CORE_ID=0 -Wall -ffunction-sections -ffat-lto-objects -Og -c Generated_Source\PSoC5\WaveDAC8_VDAC8_PM.c -o .\CortexM3\ARM_GCC_541\Debug\WaveDAC8_VDAC8_PM.o
arm-none-eabi-gcc.exe -mcpu=cortex-m3 -mthumb -I. -IGenerated_Source\PSoC5 -Wa,-alh=.\CortexM3\ARM_GCC_541\Debug/WaveDAC8_BuffAmp.lst -g -D DEBUG -D CY_CORE_ID=0 -Wall -ffunction-sections -ffat-lto-objects -Og -c Generated_Source\PSoC5\WaveDAC8_BuffAmp.c -o .\CortexM3\ARM_GCC_541\Debug\WaveDAC8_BuffAmp.o
arm-none-eabi-gcc.exe -mcpu=cortex-m3 -mthumb -I. -IGenerated_Source\PSoC5 -Wa,-alh=.\CortexM3\ARM_GCC_541\Debug/WaveDAC8_BuffAmp_PM.lst -g -D DEBUG -D CY_CORE_ID=0 -Wall -ffunction-sections -ffat-lto-objects -Og -c Generated_Source\PSoC5\WaveDAC8_BuffAmp_PM.c -o .\CortexM3\ARM_GCC_541\Debug\WaveDAC8_BuffAmp_PM.o
arm-none-eabi-gcc.exe -mcpu=cortex-m3 -mthumb -I. -IGenerated_Source\PSoC5 -Wa,-alh=.\CortexM3\ARM_GCC_541\Debug/LCD_LCDPort.lst -g -D DEBUG -D CY_CORE_ID=0 -Wall -ffunction-sections -ffat-lto-objects -Og -c Generated_Source\PSoC5\LCD_LCDPort.c -o .\CortexM3\ARM_GCC_541\Debug\LCD_LCDPort.o
arm-none-eabi-gcc.exe -mcpu=cortex-m3 -mthumb -I. -IGenerated_Source\PSoC5 -Wa,-alh=.\CortexM3\ARM_GCC_541\Debug/Cm3Start.lst -g -D DEBUG -D CY_CORE_ID=0 -Wall -ffunction-sections -ffat-lto-objects -Og -c Generated_Source\PSoC5\Cm3Start.c -o .\CortexM3\ARM_GCC_541\Debug\Cm3Start.o
arm-none-eabi-gcc.exe -mcpu=cortex-m3 -mthumb -I. -IGenerated_Source\PSoC5 -Wa,-alh=.\CortexM3\ARM_GCC_541\Debug/CyDmac.lst -g -D DEBUG -D CY_CORE_ID=0 -Wall -ffunction-sections -ffat-lto-objects -Og -c Generated_Source\PSoC5\CyDmac.c -o .\CortexM3\ARM_GCC_541\Debug\CyDmac.o
arm-none-eabi-gcc.exe -mcpu=cortex-m3 -mthumb -I. -IGenerated_Source\PSoC5 -Wa,-alh=.\CortexM3\ARM_GCC_541\Debug/CyFlash.lst -g -D DEBUG -D CY_CORE_ID=0 -Wall -ffunction-sections -ffat-lto-objects -Og -c Generated_Source\PSoC5\CyFlash.c -o .\CortexM3\ARM_GCC_541\Debug\CyFlash.o
arm-none-eabi-gcc.exe -mcpu=cortex-m3 -mthumb -I. -IGenerated_Source\PSoC5 -Wa,-alh=.\CortexM3\ARM_GCC_541\Debug/CyLib.lst -g -D DEBUG -D CY_CORE_ID=0 -Wall -ffunction-sections -ffat-lto-objects -Og -c Generated_Source\PSoC5\CyLib.c -o .\CortexM3\ARM_GCC_541\Debug\CyLib.o
arm-none-eabi-gcc.exe -mcpu=cortex-m3 -mthumb -I. -IGenerated_Source\PSoC5 -Wa,-alh=.\CortexM3\ARM_GCC_541\Debug/cyPm.lst -g -D DEBUG -D CY_CORE_ID=0 -Wall -ffunction-sections -ffat-lto-objects -Og -c Generated_Source\PSoC5\cyPm.c -o .\CortexM3\ARM_GCC_541\Debug\cyPm.o
arm-none-eabi-gcc.exe -mcpu=cortex-m3 -mthumb -I. -IGenerated_Source\PSoC5 -Wa,-alh=.\CortexM3\ARM_GCC_541\Debug/CySpc.lst -g -D DEBUG -D CY_CORE_ID=0 -Wall -ffunction-sections -ffat-lto-objects -Og -c Generated_Source\PSoC5\CySpc.c -o .\CortexM3\ARM_GCC_541\Debug\CySpc.o
arm-none-eabi-gcc.exe -mcpu=cortex-m3 -mthumb -I. -IGenerated_Source\PSoC5 -Wa,-alh=.\CortexM3\ARM_GCC_541\Debug/cyutils.lst -g -D DEBUG -D CY_CORE_ID=0 -Wall -ffunction-sections -ffat-lto-objects -Og -c Generated_Source\PSoC5\cyutils.c -o .\CortexM3\ARM_GCC_541\Debug\cyutils.o
arm-none-eabi-gcc.exe -mcpu=cortex-m3 -mthumb -I. -IGenerated_Source\PSoC5 -Wa,-alh=.\CortexM3\ARM_GCC_541\Debug/cy_em_eeprom.lst -g -D DEBUG -D CY_CORE_ID=0 -Wall -ffunction-sections -ffat-lto-objects -Og -c Generated_Source\PSoC5\cy_em_eeprom.c -o .\CortexM3\ARM_GCC_541\Debug\cy_em_eeprom.o
arm-none-eabi-gcc.exe -mcpu=cortex-m3 -mthumb -I. -IGenerated_Source\PSoC5 -Wa,-alh=.\CortexM3\ARM_GCC_541\Debug/Clock_1.lst -g -D DEBUG -D CY_CORE_ID=0 -Wall -ffunction-sections -ffat-lto-objects -Og -c Generated_Source\PSoC5\Clock_1.c -o .\CortexM3\ARM_GCC_541\Debug\Clock_1.o
arm-none-eabi-as.exe -mcpu=cortex-m3 -mthumb -I. -IGenerated_Source\PSoC5 -alh=.\CortexM3\ARM_GCC_541\Debug/CyBootAsmGnu.lst -g -W -o .\CortexM3\ARM_GCC_541\Debug\CyBootAsmGnu.o Generated_Source\PSoC5\CyBootAsmGnu.s
arm-none-eabi-ar.exe -rs .\CortexM3\ARM_GCC_541\Debug\Design02.a .\CortexM3\ARM_GCC_541\Debug\CapSense_CSD.o .\CortexM3\ARM_GCC_541\Debug\CapSense_CSD_CSHL.o .\CortexM3\ARM_GCC_541\Debug\CapSense_CSD_INT.o .\CortexM3\ARM_GCC_541\Debug\CapSense_CSD_Pins.o .\CortexM3\ARM_GCC_541\Debug\CapSense_CSD_PM.o .\CortexM3\ARM_GCC_541\Debug\CapSense_CSD_SMS_Wrapper.o .\CortexM3\ARM_GCC_541\Debug\CapSense_CSD_TunerHelper.o .\CortexM3\ARM_GCC_541\Debug\WaveDAC8.o .\CortexM3\ARM_GCC_541\Debug\WaveDAC8_PM.o .\CortexM3\ARM_GCC_541\Debug\P00_Vout.o .\CortexM3\ARM_GCC_541\Debug\LCD_BarGraph.o .\CortexM3\ARM_GCC_541\Debug\LCD.o .\CortexM3\ARM_GCC_541\Debug\LCD_PM.o .\CortexM3\ARM_GCC_541\Debug\CapSense_CSD_CompCH0.o .\CortexM3\ARM_GCC_541\Debug\CapSense_CSD_CompCH0_PM.o .\CortexM3\ARM_GCC_541\Debug\CapSense_CSD_IdacCH0.o .\CortexM3\ARM_GCC_541\Debug\CapSense_CSD_IdacCH0_PM.o .\CortexM3\ARM_GCC_541\Debug\CapSense_CSD_AMuxCH0.o .\CortexM3\ARM_GCC_541\Debug\CapSense_CSD_IntClock.o .\CortexM3\ARM_GCC_541\Debug\WaveDAC8_Wave1_DMA_dma.o .\CortexM3\ARM_GCC_541\Debug\WaveDAC8_Wave2_DMA_dma.o .\CortexM3\ARM_GCC_541\Debug\WaveDAC8_VDAC8.o .\CortexM3\ARM_GCC_541\Debug\WaveDAC8_VDAC8_PM.o .\CortexM3\ARM_GCC_541\Debug\WaveDAC8_BuffAmp.o .\CortexM3\ARM_GCC_541\Debug\WaveDAC8_BuffAmp_PM.o .\CortexM3\ARM_GCC_541\Debug\LCD_LCDPort.o .\CortexM3\ARM_GCC_541\Debug\CyDmac.o .\CortexM3\ARM_GCC_541\Debug\CyFlash.o .\CortexM3\ARM_GCC_541\Debug\CyLib.o .\CortexM3\ARM_GCC_541\Debug\cyPm.o .\CortexM3\ARM_GCC_541\Debug\CySpc.o .\CortexM3\ARM_GCC_541\Debug\cyutils.o .\CortexM3\ARM_GCC_541\Debug\cy_em_eeprom.o .\CortexM3\ARM_GCC_541\Debug\Clock_1.o .\CortexM3\ARM_GCC_541\Debug\CyBootAsmGnu.o
arm-none-eabi-ar.exe: creating .\CortexM3\ARM_GCC_541\Debug\Design02.a
arm-none-eabi-gcc.exe -Wl,--start-group -o "E:\Embeded System Lab\ENDSEM-PROJECT\COMPLETE project\Workspace-Final\Design02.cydsn\CortexM3\ARM_GCC_541\Debug\Design02.elf" .\CortexM3\ARM_GCC_541\Debug\main.o .\CortexM3\ARM_GCC_541\Debug\cyfitter_cfg.o .\CortexM3\ARM_GCC_541\Debug\cymetadata.o .\CortexM3\ARM_GCC_541\Debug\Cm3Start.o .\CortexM3\ARM_GCC_541\Debug\Design02.a "C:\Program Files (x86)\Cypress\PSoC Creator\4.4\PSoC Creator\psoc\content\CyComponentLibrary\CyComponentLibrary.cylib\CapSense_CSD_v3_50\Library\CapSenseLibrary_GCC.a" "C:\Program Files (x86)\Cypress\PSoC Creator\4.4\PSoC Creator\psoc\content\cycomponentlibrary\CyComponentLibrary.cylib\CortexM3\ARM_GCC_541\Debug\CyComponentLibrary.a" -mcpu=cortex-m3 -mthumb -l m -L Generated_Source\PSoC5 -Wl,-Map,.\CortexM3\ARM_GCC_541\Debug/Design02.map -T Generated_Source\PSoC5\cm3gcc.ld -specs=nano.specs -Wl,--gc-sections -g -ffunction-sections -Og -ffat-lto-objects -Wl,--end-group
cyelftool.exe -C "E:\Embeded System Lab\ENDSEM-PROJECT\COMPLETE project\Workspace-Final\Design02.cydsn\CortexM3\ARM_GCC_541\Debug\Design02.elf" --flash_row_size 256 --flash_size 262144 --flash_offset 0x00000000
No ELF section .cychecksum found, creating one
Application checksum calculated and stored in ELF section .cychecksum
Checksum calculated and stored in ELF section .cymeta
cyelftool.exe -S "E:\Embeded System Lab\ENDSEM-PROJECT\COMPLETE project\Workspace-Final\Design02.cydsn\CortexM3\ARM_GCC_541\Debug\Design02.elf"
Flash used: 16808 of 262144 bytes (6.4%).
SRAM used: 2737 of 65536 bytes (4.2%). Stack: 2048 bytes. Heap: 128 bytes.
--------------- Rebuild Succeeded: 04/08/2025 15:13:55 ---------------
